This file contains any messages produced by compilers while
running configure, to aid debugging if configure makes a mistake.

It was created by configure, which was
generated by GNU Autoconf 2.64.  Invocation command line was

  $ /home/ssbai/mini2440_buildroot/output/build/host-binutils-2.22/gas/configure --cache-file=./config.cache --with-gnu-as --with-gnu-ld --with-system-zlib --prefix=/home/ssbai/mini2440_buildroot/output/host/usr --sysconfdir=/home/ssbai/mini2440_buildroot/output/host/etc --localstatedir=/home/ssbai/mini2440_buildroot/output/host/var --enable-shared --disable-static --disable-gtk-doc --disable-doc --disable-docs --disable-documentation --disable-debug --with-xmlto=no --with-fop=no --disable-dependency-tracking --disable-multilib --disable-werror --disable-shared --enable-static --with-sysroot=/home/ssbai/mini2440_buildroot/output/host/usr/arm-buildroot-linux-uclibcgnueabi/sysroot --disable-sim --disable-gdb --program-transform-name=s&^&arm-buildroot-linux-uclibcgnueabi-& --disable-option-checking --build=x86_64-unknown-linux-gnu --host=x86_64-unknown-linux-gnu --target=arm-buildroot-linux-uclibcgnueabi --srcdir=.././gas

## --------- ##
## Platform. ##
## --------- ##

hostname = ssbai
uname -m = x86_64
uname -r = 3.13.0-32-generic
uname -s = Linux
uname -v = #57-Ubuntu SMP Tue Jul 15 03:51:08 UTC 2014

/usr/bin/uname -p = unknown
/bin/uname -X     = unknown

/bin/arch              = unknown
/usr/bin/arch -k       = unknown
/usr/convex/getsysinfo = unknown
/usr/bin/hostinfo      = unknown
/bin/machine           = unknown
/usr/bin/oslevel       = unknown
/bin/universe          = unknown

PATH: /home/ssbai/mini2440_buildroot/output/host/bin
PATH: /home/ssbai/mini2440_buildroot/output/host/sbin
PATH: /home/ssbai/mini2440_buildroot/output/host/usr/bin
PATH: /home/ssbai/mini2440_buildroot/output/host/usr/sbin
PATH: /usr/local/sbin
PATH: /usr/local/bin
PATH: /usr/sbin
PATH: /usr/bin
PATH: /sbin
PATH: /bin
PATH: /usr/games
PATH: /usr/local/games
PATH: /home/ssbai/mini2440_buildroot/FriendlyARM/toolschain/4.4.3/bin/


## ----------- ##
## Core tests. ##
## ----------- ##

configure:2190: creating cache ./config.cache
configure:2295: checking build system type
configure:2309: result: x86_64-unknown-linux-gnu
configure:2329: checking host system type
configure:2342: result: x86_64-unknown-linux-gnu
configure:2362: checking target system type
configure:2375: result: arm-buildroot-linux-uclibcgnueabi
configure:2409: checking for x86_64-unknown-linux-gnu-gcc
configure:2436: result: /usr/bin/gcc
configure:2705: checking for C compiler version
configure:2714: /usr/bin/gcc --version >&5
gcc (Ubuntu 4.8.2-19ubuntu1) 4.8.2
Copyright (C) 2013 Free Software Foundation, Inc.
This is free software; see the source for copying conditions.  There is NO
warranty; not even for MERCHANTABILITY or FITNESS FOR A PARTICULAR PURPOSE.

configure:2725: $? = 0
configure:2714: /usr/bin/gcc -v >&5
Using built-in specs.
COLLECT_GCC=/usr/bin/gcc
COLLECT_LTO_WRAPPER=/usr/lib/gcc/x86_64-linux-gnu/4.8/lto-wrapper
Target: x86_64-linux-gnu
Configured with: ../src/configure -v --with-pkgversion='Ubuntu 4.8.2-19ubuntu1' --with-bugurl=file:///usr/share/doc/gcc-4.8/README.Bugs --enable-languages=c,c++,java,go,d,fortran,objc,obj-c++ --prefix=/usr --program-suffix=-4.8 --enable-shared --enable-linker-build-id --libexecdir=/usr/lib --without-included-gettext --enable-threads=posix --with-gxx-include-dir=/usr/include/c++/4.8 --libdir=/usr/lib --enable-nls --with-sysroot=/ --enable-clocale=gnu --enable-libstdcxx-debug --enable-libstdcxx-time=yes --enable-gnu-unique-object --disable-libmudflap --enable-plugin --with-system-zlib --disable-browser-plugin --enable-java-awt=gtk --enable-gtk-cairo --with-java-home=/usr/lib/jvm/java-1.5.0-gcj-4.8-amd64/jre --enable-java-home --with-jvm-root-dir=/usr/lib/jvm/java-1.5.0-gcj-4.8-amd64 --with-jvm-jar-dir=/usr/lib/jvm-exports/java-1.5.0-gcj-4.8-amd64 --with-arch-directory=amd64 --with-ecj-jar=/usr/share/java/eclipse-ecj.jar --enable-objc-gc --enable-multiarch --disable-werror --with-arch-32=i686 --with-abi=m64 --with-multilib-list=m32,m64,mx32 --with-tune=generic --enable-checking=release --build=x86_64-linux-gnu --host=x86_64-linux-gnu --target=x86_64-linux-gnu
Thread model: posix
gcc version 4.8.2 (Ubuntu 4.8.2-19ubuntu1) 
configure:2725: $? = 0
configure:2714: /usr/bin/gcc -V >&5
gcc: error: unrecognized command line option '-V'
gcc: fatal error: no input files
compilation terminated.
configure:2725: $? = 4
configure:2714: /usr/bin/gcc -qversion >&5
gcc: error: unrecognized command line option '-qversion'
gcc: fatal error: no input files
compilation terminated.
configure:2725: $? = 4
configure:2745: checking for C compiler default output file name
configure:2767: /usr/bin/gcc -O2 -I/home/ssbai/mini2440_buildroot/output/host/usr/include   -L/home/ssbai/mini2440_buildroot/output/host/lib -L/home/ssbai/mini2440_buildroot/output/host/usr/lib -Wl,-rpath,/home/ssbai/mini2440_buildroot/output/host/usr/lib conftest.c  >&5
configure:2771: $? = 0
configure:2808: result: a.out
configure:2824: checking whether the C compiler works
configure:2833: ./a.out
configure:2837: $? = 0
configure:2852: result: yes
configure:2859: checking whether we are cross compiling
configure:2861: result: no
configure:2864: checking for suffix of executables
configure:2871: /usr/bin/gcc -o conftest -O2 -I/home/ssbai/mini2440_buildroot/output/host/usr/include   -L/home/ssbai/mini2440_buildroot/output/host/lib -L/home/ssbai/mini2440_buildroot/output/host/usr/lib -Wl,-rpath,/home/ssbai/mini2440_buildroot/output/host/usr/lib conftest.c  >&5
configure:2875: $? = 0
configure:2897: result: 
configure:2903: checking for suffix of object files
configure:2925: /usr/bin/gcc -c -O2 -I/home/ssbai/mini2440_buildroot/output/host/usr/include  conftest.c >&5
configure:2929: $? = 0
configure:2950: result: o
configure:2954: checking whether we are using the GNU C compiler
configure:2973: /usr/bin/gcc -c -O2 -I/home/ssbai/mini2440_buildroot/output/host/usr/include  conftest.c >&5
configure:2973: $? = 0
configure:2982: result: yes
configure:2991: checking whether /usr/bin/gcc accepts -g
configure:3011: /usr/bin/gcc -c -g  conftest.c >&5
configure:3011: $? = 0
configure:3052: result: yes
configure:3069: checking for /usr/bin/gcc option to accept ISO C89
configure:3133: /usr/bin/gcc  -c -O2 -I/home/ssbai/mini2440_buildroot/output/host/usr/include  conftest.c >&5
configure:3133: $? = 0
configure:3146: result: none needed
configure:3167: checking for library containing strerror
configure:3198: /usr/bin/gcc -o conftest -O2 -I/home/ssbai/mini2440_buildroot/output/host/usr/include   -L/home/ssbai/mini2440_buildroot/output/host/lib -L/home/ssbai/mini2440_buildroot/output/host/usr/lib -Wl,-rpath,/home/ssbai/mini2440_buildroot/output/host/usr/lib conftest.c  >&5
configure:3198: $? = 0
configure:3215: result: none required
configure:3241: checking for a BSD-compatible install
configure:3309: result: /usr/bin/install -c
configure:3320: checking whether build environment is sane
configure:3370: result: yes
configure:3511: checking for a thread-safe mkdir -p
configure:3550: result: /bin/mkdir -p
configure:3563: checking for gawk
configure:3590: result: gawk
configure:3601: checking whether /usr/bin/make sets $(MAKE)
configure:3623: result: yes
configure:3653: checking for style of include used by /usr/bin/make
configure:3681: result: GNU
configure:3766: checking dependency style of /usr/bin/gcc
configure:3876: result: none
configure:3901: checking for x86_64-unknown-linux-gnu-gcc
configure:3928: result: /usr/bin/gcc
configure:4197: checking for C compiler version
configure:4206: /usr/bin/gcc --version >&5
gcc (Ubuntu 4.8.2-19ubuntu1) 4.8.2
Copyright (C) 2013 Free Software Foundation, Inc.
This is free software; see the source for copying conditions.  There is NO
warranty; not even for MERCHANTABILITY or FITNESS FOR A PARTICULAR PURPOSE.

configure:4217: $? = 0
configure:4206: /usr/bin/gcc -v >&5
Using built-in specs.
COLLECT_GCC=/usr/bin/gcc
COLLECT_LTO_WRAPPER=/usr/lib/gcc/x86_64-linux-gnu/4.8/lto-wrapper
Target: x86_64-linux-gnu
Configured with: ../src/configure -v --with-pkgversion='Ubuntu 4.8.2-19ubuntu1' --with-bugurl=file:///usr/share/doc/gcc-4.8/README.Bugs --enable-languages=c,c++,java,go,d,fortran,objc,obj-c++ --prefix=/usr --program-suffix=-4.8 --enable-shared --enable-linker-build-id --libexecdir=/usr/lib --without-included-gettext --enable-threads=posix --with-gxx-include-dir=/usr/include/c++/4.8 --libdir=/usr/lib --enable-nls --with-sysroot=/ --enable-clocale=gnu --enable-libstdcxx-debug --enable-libstdcxx-time=yes --enable-gnu-unique-object --disable-libmudflap --enable-plugin --with-system-zlib --disable-browser-plugin --enable-java-awt=gtk --enable-gtk-cairo --with-java-home=/usr/lib/jvm/java-1.5.0-gcj-4.8-amd64/jre --enable-java-home --with-jvm-root-dir=/usr/lib/jvm/java-1.5.0-gcj-4.8-amd64 --with-jvm-jar-dir=/usr/lib/jvm-exports/java-1.5.0-gcj-4.8-amd64 --with-arch-directory=amd64 --with-ecj-jar=/usr/share/java/eclipse-ecj.jar --enable-objc-gc --enable-multiarch --disable-werror --with-arch-32=i686 --with-abi=m64 --with-multilib-list=m32,m64,mx32 --with-tune=generic --enable-checking=release --build=x86_64-linux-gnu --host=x86_64-linux-gnu --target=x86_64-linux-gnu
Thread model: posix
gcc version 4.8.2 (Ubuntu 4.8.2-19ubuntu1) 
configure:4217: $? = 0
configure:4206: /usr/bin/gcc -V >&5
gcc: error: unrecognized command line option '-V'
gcc: fatal error: no input files
compilation terminated.
configure:4217: $? = 4
configure:4206: /usr/bin/gcc -qversion >&5
gcc: error: unrecognized command line option '-qversion'
gcc: fatal error: no input files
compilation terminated.
configure:4217: $? = 4
configure:4221: checking whether we are using the GNU C compiler
configure:4249: result: yes
configure:4258: checking whether /usr/bin/gcc accepts -g
configure:4319: result: yes
configure:4336: checking for /usr/bin/gcc option to accept ISO C89
configure:4413: result: none needed
configure:4438: checking how to run the C preprocessor
configure:4469: /usr/bin/gcc -E  conftest.c
configure:4469: $? = 0
configure:4483: /usr/bin/gcc -E  conftest.c
conftest.c:11:28: fatal error: ac_nonexistent.h: No such file or directory
 #include <ac_nonexistent.h>
                            ^
compilation terminated.
configure:4483: $? = 1
configure: failed program was:
| /* confdefs.h */
| #define PACKAGE_NAME ""
| #define PACKAGE_TARNAME ""
| #define PACKAGE_VERSION ""
| #define PACKAGE_STRING ""
| #define PACKAGE_BUGREPORT ""
| #define PACKAGE_URL ""
| #define PACKAGE "gas"
| #define VERSION "2.22"
| /* end confdefs.h.  */
| #include <ac_nonexistent.h>
configure:4508: result: /usr/bin/gcc -E
configure:4528: /usr/bin/gcc -E  conftest.c
configure:4528: $? = 0
configure:4542: /usr/bin/gcc -E  conftest.c
conftest.c:11:28: fatal error: ac_nonexistent.h: No such file or directory
 #include <ac_nonexistent.h>
                            ^
compilation terminated.
configure:4542: $? = 1
configure: failed program was:
| /* confdefs.h */
| #define PACKAGE_NAME ""
| #define PACKAGE_TARNAME ""
| #define PACKAGE_VERSION ""
| #define PACKAGE_STRING ""
| #define PACKAGE_BUGREPORT ""
| #define PACKAGE_URL ""
| #define PACKAGE "gas"
| #define VERSION "2.22"
| /* end confdefs.h.  */
| #include <ac_nonexistent.h>
configure:4571: checking for grep that handles long lines and -e
configure:4629: result: /bin/grep
configure:4634: checking for egrep
configure:4696: result: /bin/grep -E
configure:4701: checking for ANSI C header files
configure:4721: /usr/bin/gcc -c -O2 -I/home/ssbai/mini2440_buildroot/output/host/usr/include  conftest.c >&5
configure:4721: $? = 0
configure:4794: /usr/bin/gcc -o conftest -O2 -I/home/ssbai/mini2440_buildroot/output/host/usr/include   -L/home/ssbai/mini2440_buildroot/output/host/lib -L/home/ssbai/mini2440_buildroot/output/host/usr/lib -Wl,-rpath,/home/ssbai/mini2440_buildroot/output/host/usr/lib conftest.c  >&5
configure:4794: $? = 0
configure:4794: ./conftest
configure:4794: $? = 0
configure:4805: result: yes
configure:4818: checking for sys/types.h
configure:4818: /usr/bin/gcc -c -O2 -I/home/ssbai/mini2440_buildroot/output/host/usr/include  conftest.c >&5
configure:4818: $? = 0
configure:4818: result: yes
configure:4818: checking for sys/stat.h
configure:4818: /usr/bin/gcc -c -O2 -I/home/ssbai/mini2440_buildroot/output/host/usr/include  conftest.c >&5
configure:4818: $? = 0
configure:4818: result: yes
configure:4818: checking for stdlib.h
configure:4818: /usr/bin/gcc -c -O2 -I/home/ssbai/mini2440_buildroot/output/host/usr/include  conftest.c >&5
configure:4818: $? = 0
configure:4818: result: yes
configure:4818: checking for string.h
configure:4818: /usr/bin/gcc -c -O2 -I/home/ssbai/mini2440_buildroot/output/host/usr/include  conftest.c >&5
configure:4818: $? = 0
configure:4818: result: yes
configure:4818: checking for memory.h
configure:4818: /usr/bin/gcc -c -O2 -I/home/ssbai/mini2440_buildroot/output/host/usr/include  conftest.c >&5
configure:4818: $? = 0
configure:4818: result: yes
configure:4818: checking for strings.h
configure:4818: /usr/bin/gcc -c -O2 -I/home/ssbai/mini2440_buildroot/output/host/usr/include  conftest.c >&5
configure:4818: $? = 0
configure:4818: result: yes
configure:4818: checking for inttypes.h
configure:4818: /usr/bin/gcc -c -O2 -I/home/ssbai/mini2440_buildroot/output/host/usr/include  conftest.c >&5
configure:4818: $? = 0
configure:4818: result: yes
configure:4818: checking for stdint.h
configure:4818: /usr/bin/gcc -c -O2 -I/home/ssbai/mini2440_buildroot/output/host/usr/include  conftest.c >&5
configure:4818: $? = 0
configure:4818: result: yes
configure:4818: checking for unistd.h
configure:4818: /usr/bin/gcc -c -O2 -I/home/ssbai/mini2440_buildroot/output/host/usr/include  conftest.c >&5
configure:4818: $? = 0
configure:4818: result: yes
configure:4832: checking minix/config.h usability
configure:4832: /usr/bin/gcc -c -O2 -I/home/ssbai/mini2440_buildroot/output/host/usr/include  conftest.c >&5
conftest.c:54:26: fatal error: minix/config.h: No such file or directory
 #include <minix/config.h>
                          ^
compilation terminated.
configure:4832: $? = 1
configure: failed program was:
| /* confdefs.h */
| #define PACKAGE_NAME ""
| #define PACKAGE_TARNAME ""
| #define PACKAGE_VERSION ""
| #define PACKAGE_STRING ""
| #define PACKAGE_BUGREPORT ""
| #define PACKAGE_URL ""
| #define PACKAGE "gas"
| #define VERSION "2.22"
| #define STDC_HEADERS 1
| #define HAVE_SYS_TYPES_H 1
| #define HAVE_SYS_STAT_H 1
| #define HAVE_STDLIB_H 1
| #define HAVE_STRING_H 1
| #define HAVE_MEMORY_H 1
| #define HAVE_STRINGS_H 1
| #define HAVE_INTTYPES_H 1
| #define HAVE_STDINT_H 1
| #define HAVE_UNISTD_H 1
| /* end confdefs.h.  */
| #include <stdio.h>
| #ifdef HAVE_SYS_TYPES_H
| # include <sys/types.h>
| #endif
| #ifdef HAVE_SYS_STAT_H
| # include <sys/stat.h>
| #endif
| #ifdef STDC_HEADERS
| # include <stdlib.h>
| # include <stddef.h>
| #else
| # ifdef HAVE_STDLIB_H
| #  include <stdlib.h>
| # endif
| #endif
| #ifdef HAVE_STRING_H
| # if !defined STDC_HEADERS && defined HAVE_MEMORY_H
| #  include <memory.h>
| # endif
| # include <string.h>
| #endif
| #ifdef HAVE_STRINGS_H
| # include <strings.h>
| #endif
| #ifdef HAVE_INTTYPES_H
| # include <inttypes.h>
| #endif
| #ifdef HAVE_STDINT_H
| # include <stdint.h>
| #endif
| #ifdef HAVE_UNISTD_H
| # include <unistd.h>
| #endif
| #include <minix/config.h>
configure:4832: result: no
configure:4832: checking minix/config.h presence
configure:4832: /usr/bin/gcc -E  conftest.c
conftest.c:21:26: fatal error: minix/config.h: No such file or directory
 #include <minix/config.h>
                          ^
compilation terminated.
configure:4832: $? = 1
configure: failed program was:
| /* confdefs.h */
| #define PACKAGE_NAME ""
| #define PACKAGE_TARNAME ""
| #define PACKAGE_VERSION ""
| #define PACKAGE_STRING ""
| #define PACKAGE_BUGREPORT ""
| #define PACKAGE_URL ""
| #define PACKAGE "gas"
| #define VERSION "2.22"
| #define STDC_HEADERS 1
| #define HAVE_SYS_TYPES_H 1
| #define HAVE_SYS_STAT_H 1
| #define HAVE_STDLIB_H 1
| #define HAVE_STRING_H 1
| #define HAVE_MEMORY_H 1
| #define HAVE_STRINGS_H 1
| #define HAVE_INTTYPES_H 1
| #define HAVE_STDINT_H 1
| #define HAVE_UNISTD_H 1
| /* end confdefs.h.  */
| #include <minix/config.h>
configure:4832: result: no
configure:4832: checking for minix/config.h
configure:4832: result: no
configure:4853: checking whether it is safe to define __EXTENSIONS__
configure:4871: /usr/bin/gcc -c -O2 -I/home/ssbai/mini2440_buildroot/output/host/usr/include  conftest.c >&5
configure:4871: $? = 0
configure:4878: result: yes
configure:4937: checking for special C compiler options needed for large files
configure:4982: result: no
configure:4988: checking for _FILE_OFFSET_BITS value needed for large files
configure:5013: /usr/bin/gcc -c -O2 -I/home/ssbai/mini2440_buildroot/output/host/usr/include  conftest.c >&5
configure:5013: $? = 0
configure:5045: result: no
configure:5176: checking how to print strings
configure:5203: result: printf
configure:5224: checking for a sed that does not truncate output
configure:5288: result: /bin/sed
configure:5306: checking for fgrep
configure:5368: result: /bin/grep -F
configure:5403: checking for ld used by /usr/bin/gcc
configure:5470: result: /usr/bin/ld
configure:5477: checking if the linker (/usr/bin/ld) is GNU ld
configure:5492: result: yes
configure:5504: checking for BSD- or MS-compatible name lister (nm)
configure:5553: result: /usr/bin/nm
configure:5683: checking the name lister (/usr/bin/nm) interface
configure:5690: /usr/bin/gcc -c -O2 -I/home/ssbai/mini2440_buildroot/output/host/usr/include  conftest.c >&5
configure:5693: /usr/bin/nm "conftest.o"
configure:5696: output
0000000000000000 B some_variable
configure:5703: result: BSD nm
configure:5706: checking whether ln -s works
configure:5710: result: yes
configure:5718: checking the maximum length of command line arguments
configure:5843: result: 3458764513820540925
configure:5860: checking whether the shell understands some XSI constructs
configure:5870: result: yes
configure:5874: checking whether the shell understands "+="
configure:5880: result: yes
configure:5915: checking for /usr/bin/ld option to reload object files
configure:5922: result: -r
configure:5951: checking for x86_64-unknown-linux-gnu-objdump
configure:5978: result: objdump
configure:6050: checking how to recognize dependent libraries
configure:6251: result: pass_all
configure:6271: checking for x86_64-unknown-linux-gnu-ar
configure:6298: result: /usr/bin/ar
configure:6376: checking for x86_64-unknown-linux-gnu-strip
configure:6406: result: no
configure:6416: checking for strip
configure:6432: found /usr/bin/strip
configure:6443: result: strip
configure:6475: checking for x86_64-unknown-linux-gnu-ranlib
configure:6502: result: /usr/bin/ranlib
configure:6644: checking command to parse /usr/bin/nm output from /usr/bin/gcc object
configure:6762: /usr/bin/gcc -c -O2 -I/home/ssbai/mini2440_buildroot/output/host/usr/include  conftest.c >&5
configure:6765: $? = 0
configure:6769: /usr/bin/nm conftest.o \| sed -n -e 's/^.*[ ]\([ABCDGIRSTW][ABCDGIRSTW]*\)[ ][ ]*\([_A-Za-z][_A-Za-z0-9]*\)$/\1 \2 \2/p' \> conftest.nm
configure:6772: $? = 0
configure:6826: /usr/bin/gcc -o conftest -O2 -I/home/ssbai/mini2440_buildroot/output/host/usr/include   -L/home/ssbai/mini2440_buildroot/output/host/lib -L/home/ssbai/mini2440_buildroot/output/host/usr/lib -Wl,-rpath,/home/ssbai/mini2440_buildroot/output/host/usr/lib conftest.c conftstm.o >&5
configure:6829: $? = 0
configure:6867: result: ok
configure:6962: /usr/bin/gcc -c -O2 -I/home/ssbai/mini2440_buildroot/output/host/usr/include  conftest.c >&5
configure:6965: $? = 0
configure:7702: checking for dlfcn.h
configure:7702: /usr/bin/gcc -c -O2 -I/home/ssbai/mini2440_buildroot/output/host/usr/include  conftest.c >&5
configure:7702: $? = 0
configure:7702: result: yes
configure:7889: checking for objdir
configure:7904: result: .libs
configure:8175: checking if /usr/bin/gcc supports -fno-rtti -fno-exceptions
configure:8193: /usr/bin/gcc -c -O2 -I/home/ssbai/mini2440_buildroot/output/host/usr/include  -fno-rtti -fno-exceptions conftest.c >&5
cc1: warning: command line option '-fno-rtti' is valid for C++/ObjC++ but not for C [enabled by default]
configure:8197: $? = 0
configure:8210: result: no
configure:8230: checking for /usr/bin/gcc option to produce PIC
configure:8515: result: -fPIC -DPIC
configure:8527: checking if /usr/bin/gcc PIC flag -fPIC -DPIC works
configure:8545: /usr/bin/gcc -c -O2 -I/home/ssbai/mini2440_buildroot/output/host/usr/include  -fPIC -DPIC -DPIC conftest.c >&5
configure:8549: $? = 0
configure:8562: result: yes
configure:8586: checking if /usr/bin/gcc static flag -static works
configure:8614: result: yes
configure:8629: checking if /usr/bin/gcc supports -c -o file.o
configure:8650: /usr/bin/gcc -c -O2 -I/home/ssbai/mini2440_buildroot/output/host/usr/include  -o out/conftest2.o conftest.c >&5
configure:8654: $? = 0
configure:8676: result: yes
configure:8684: checking if /usr/bin/gcc supports -c -o file.o
configure:8731: result: yes
configure:8764: checking whether the /usr/bin/gcc linker (/usr/bin/ld -m elf_x86_64) supports shared libraries
configure:9835: result: yes
configure:10080: checking dynamic linker characteristics
configure:10531: /usr/bin/gcc -o conftest -O2 -I/home/ssbai/mini2440_buildroot/output/host/usr/include   -L/home/ssbai/mini2440_buildroot/output/host/lib -L/home/ssbai/mini2440_buildroot/output/host/usr/lib -Wl,-rpath,/home/ssbai/mini2440_buildroot/output/host/usr/lib -Wl,-rpath -Wl,/foo conftest.c  >&5
configure:10531: $? = 0
configure:10753: result: GNU/Linux ld.so
configure:10860: checking how to hardcode library paths into programs
configure:10885: result: immediate
configure:11425: checking whether stripping libraries is possible
configure:11430: result: yes
configure:11465: checking if libtool supports shared libraries
configure:11467: result: yes
configure:11470: checking whether to build shared libraries
configure:11491: result: no
configure:11494: checking whether to build static libraries
configure:11498: result: yes
configure:11658: checking whether byte ordering is bigendian
configure:11673: /usr/bin/gcc -c -O2 -I/home/ssbai/mini2440_buildroot/output/host/usr/include  conftest.c >&5
conftest.c:29:9: error: unknown type name 'not'
         not a universal capable compiler
         ^
conftest.c:29:15: error: expected '=', ',', ';', 'asm' or '__attribute__' before 'universal'
         not a universal capable compiler
               ^
conftest.c:29:15: error: unknown type name 'universal'
configure:11673: $? = 1
configure: failed program was:
| /* confdefs.h */
| #define PACKAGE_NAME ""
| #define PACKAGE_TARNAME ""
| #define PACKAGE_VERSION ""
| #define PACKAGE_STRING ""
| #define PACKAGE_BUGREPORT ""
| #define PACKAGE_URL ""
| #define PACKAGE "gas"
| #define VERSION "2.22"
| #define STDC_HEADERS 1
| #define HAVE_SYS_TYPES_H 1
| #define HAVE_SYS_STAT_H 1
| #define HAVE_STDLIB_H 1
| #define HAVE_STRING_H 1
| #define HAVE_MEMORY_H 1
| #define HAVE_STRINGS_H 1
| #define HAVE_INTTYPES_H 1
| #define HAVE_STDINT_H 1
| #define HAVE_UNISTD_H 1
| #define __EXTENSIONS__ 1
| #define _ALL_SOURCE 1
| #define _GNU_SOURCE 1
| #define _POSIX_PTHREAD_SEMANTICS 1
| #define _TANDEM_SOURCE 1
| #define HAVE_DLFCN_H 1
| #define LT_OBJDIR ".libs/"
| /* end confdefs.h.  */
| #ifndef __APPLE_CC__
| 	       not a universal capable compiler
| 	     #endif
| 	     typedef int dummy;
| 
configure:11718: /usr/bin/gcc -c -O2 -I/home/ssbai/mini2440_buildroot/output/host/usr/include  conftest.c >&5
configure:11718: $? = 0
configure:11736: /usr/bin/gcc -c -O2 -I/home/ssbai/mini2440_buildroot/output/host/usr/include  conftest.c >&5
conftest.c: In function 'main':
conftest.c:35:4: error: unknown type name 'not'
    not big endian
    ^
conftest.c:35:12: error: expected '=', ',', ';', 'asm' or '__attribute__' before 'endian'
    not big endian
            ^
configure:11736: $? = 1
configure: failed program was:
| /* confdefs.h */
| #define PACKAGE_NAME ""
| #define PACKAGE_TARNAME ""
| #define PACKAGE_VERSION ""
| #define PACKAGE_STRING ""
| #define PACKAGE_BUGREPORT ""
| #define PACKAGE_URL ""
| #define PACKAGE "gas"
| #define VERSION "2.22"
| #define STDC_HEADERS 1
| #define HAVE_SYS_TYPES_H 1
| #define HAVE_SYS_STAT_H 1
| #define HAVE_STDLIB_H 1
| #define HAVE_STRING_H 1
| #define HAVE_MEMORY_H 1
| #define HAVE_STRINGS_H 1
| #define HAVE_INTTYPES_H 1
| #define HAVE_STDINT_H 1
| #define HAVE_UNISTD_H 1
| #define __EXTENSIONS__ 1
| #define _ALL_SOURCE 1
| #define _GNU_SOURCE 1
| #define _POSIX_PTHREAD_SEMANTICS 1
| #define _TANDEM_SOURCE 1
| #define HAVE_DLFCN_H 1
| #define LT_OBJDIR ".libs/"
| /* end confdefs.h.  */
| #include <sys/types.h>
| 		#include <sys/param.h>
| 
| int
| main ()
| {
| #if BYTE_ORDER != BIG_ENDIAN
| 		 not big endian
| 		#endif
| 
|   ;
|   return 0;
| }
configure:11864: result: no
configure:12549: checking for bison
configure:12576: result: /home/ssbai/mini2440_buildroot/output/build/host-binutils-2.22/missing bison -y
configure:12592: checking for flex
configure:12619: result: /home/ssbai/mini2440_buildroot/output/build/host-binutils-2.22/missing flex
configure:12656: /home/ssbai/mini2440_buildroot/output/build/host-binutils-2.22/missing flex conftest.l
WARNING: `flex' is missing on your system.  You should only need it if
         you modified a `.l' file.  You may need the `Flex' package
         in order for those modifications to take effect.  You can get
         `Flex' from any GNU archive site.
configure:12660: $? = 0
configure:12662: checking lex output file root
configure:12676: result: lex.yy
configure:12681: checking lex library
configure:12695: /usr/bin/gcc -o conftest -O2 -I/home/ssbai/mini2440_buildroot/output/host/usr/include   -L/home/ssbai/mini2440_buildroot/output/host/lib -L/home/ssbai/mini2440_buildroot/output/host/usr/lib -Wl,-rpath,/home/ssbai/mini2440_buildroot/output/host/usr/lib conftest.c   >&5
configure:12695: $? = 0
configure:12705: result: 
configure:12711: checking whether yytext is a pointer
configure:12727: /usr/bin/gcc -o conftest -O2 -I/home/ssbai/mini2440_buildroot/output/host/usr/include   -L/home/ssbai/mini2440_buildroot/output/host/lib -L/home/ssbai/mini2440_buildroot/output/host/usr/lib -Wl,-rpath,/home/ssbai/mini2440_buildroot/output/host/usr/lib conftest.c   >&5
configure:12727: $? = 0
configure:12735: result: yes
configure:12763: checking whether NLS is requested
configure:12769: result: yes
configure:12775: checking for catalogs to be installed
configure:12807: result:  es fi fr id ru rw tr es fi fr id ru rw tr
configure:12834: checking whether NLS is requested
configure:12843: result: yes
configure:12881: checking for msgfmt
configure:12912: result: /usr/bin/msgfmt
configure:12921: checking for gmsgfmt
configure:12952: result: /usr/bin/msgfmt
configure:12992: checking for xgettext
configure:13023: result: /usr/bin/xgettext
configure:13063: checking for msgmerge
configure:13093: result: /usr/bin/msgmerge
configure:13130: checking whether to enable maintainer-specific portions of Makefiles
configure:13139: result: no
configure:13165: checking for string.h
configure:13165: result: yes
configure:13165: checking for stdlib.h
configure:13165: result: yes
configure:13165: checking for memory.h
configure:13165: result: yes
configure:13165: checking for strings.h
configure:13165: result: yes
configure:13165: checking for unistd.h
configure:13165: result: yes
configure:13165: checking errno.h usability
configure:13165: /usr/bin/gcc -c -O2 -I/home/ssbai/mini2440_buildroot/output/host/usr/include  conftest.c >&5
configure:13165: $? = 0
configure:13165: result: yes
configure:13165: checking errno.h presence
configure:13165: /usr/bin/gcc -E  conftest.c
configure:13165: $? = 0
configure:13165: result: yes
configure:13165: checking for errno.h
configure:13165: result: yes
configure:13165: checking for sys/types.h
configure:13165: result: yes
configure:13165: checking limits.h usability
configure:13165: /usr/bin/gcc -c -O2 -I/home/ssbai/mini2440_buildroot/output/host/usr/include  conftest.c >&5
configure:13165: $? = 0
configure:13165: result: yes
configure:13165: checking limits.h presence
configure:13165: /usr/bin/gcc -E  conftest.c
configure:13165: $? = 0
configure:13165: result: yes
configure:13165: checking for limits.h
configure:13165: result: yes
configure:13165: checking time.h usability
configure:13165: /usr/bin/gcc -c -O2 -I/home/ssbai/mini2440_buildroot/output/host/usr/include  conftest.c >&5
configure:13165: $? = 0
configure:13165: result: yes
configure:13165: checking time.h presence
configure:13165: /usr/bin/gcc -E  conftest.c
configure:13165: $? = 0
configure:13165: result: yes
configure:13165: checking for time.h
configure:13165: result: yes
configure:13165: checking for sys/stat.h
configure:13165: result: yes
configure:13179: checking whether compiling a cross-assembler
configure:13189: result: yes
configure:13194: checking for working alloca.h
configure:13211: /usr/bin/gcc -o conftest -O2 -I/home/ssbai/mini2440_buildroot/output/host/usr/include   -L/home/ssbai/mini2440_buildroot/output/host/lib -L/home/ssbai/mini2440_buildroot/output/host/usr/lib -Wl,-rpath,/home/ssbai/mini2440_buildroot/output/host/usr/lib conftest.c  >&5
configure:13211: $? = 0
configure:13219: result: yes
configure:13227: checking for alloca
configure:13264: /usr/bin/gcc -o conftest -O2 -I/home/ssbai/mini2440_buildroot/output/host/usr/include   -L/home/ssbai/mini2440_buildroot/output/host/lib -L/home/ssbai/mini2440_buildroot/output/host/usr/lib -Wl,-rpath,/home/ssbai/mini2440_buildroot/output/host/usr/lib conftest.c  >&5
configure:13264: $? = 0
configure:13272: result: yes
configure:13382: checking for inline
configure:13398: /usr/bin/gcc -c -O2 -I/home/ssbai/mini2440_buildroot/output/host/usr/include  conftest.c >&5
configure:13398: $? = 0
configure:13406: result: inline
configure:13429: checking for unlink
configure:13429: /usr/bin/gcc -o conftest -O2 -I/home/ssbai/mini2440_buildroot/output/host/usr/include   -L/home/ssbai/mini2440_buildroot/output/host/lib -L/home/ssbai/mini2440_buildroot/output/host/usr/lib -Wl,-rpath,/home/ssbai/mini2440_buildroot/output/host/usr/lib conftest.c  >&5
configure:13429: $? = 0
configure:13429: result: yes
configure:13443: checking for sbrk
configure:13443: /usr/bin/gcc -o conftest -O2 -I/home/ssbai/mini2440_buildroot/output/host/usr/include   -L/home/ssbai/mini2440_buildroot/output/host/lib -L/home/ssbai/mini2440_buildroot/output/host/usr/lib -Wl,-rpath,/home/ssbai/mini2440_buildroot/output/host/usr/lib conftest.c  >&5
configure:13443: $? = 0
configure:13443: result: yes
configure:13595: checking for working assert macro
configure:13620: /usr/bin/gcc -o conftest -O2 -I/home/ssbai/mini2440_buildroot/output/host/usr/include   -L/home/ssbai/mini2440_buildroot/output/host/lib -L/home/ssbai/mini2440_buildroot/output/host/usr/lib -Wl,-rpath,/home/ssbai/mini2440_buildroot/output/host/usr/lib conftest.c  >&5
configure:13620: $? = 0
configure:13628: result: yes
configure:13660: checking whether declaration is required for errno
configure:13684: /usr/bin/gcc -o conftest -O2 -I/home/ssbai/mini2440_buildroot/output/host/usr/include   -L/home/ssbai/mini2440_buildroot/output/host/lib -L/home/ssbai/mini2440_buildroot/output/host/usr/lib -Wl,-rpath,/home/ssbai/mini2440_buildroot/output/host/usr/lib conftest.c  >&5
configure:13684: $? = 0
configure:13692: result: no
configure:13701: checking for a known getopt prototype in unistd.h
configure:13717: /usr/bin/gcc -c -O2 -I/home/ssbai/mini2440_buildroot/output/host/usr/include  conftest.c >&5
configure:13717: $? = 0
configure:13725: result: yes
configure:13734: checking whether declaration is required for environ
configure:13754: /usr/bin/gcc -o conftest -O2 -I/home/ssbai/mini2440_buildroot/output/host/usr/include   -L/home/ssbai/mini2440_buildroot/output/host/lib -L/home/ssbai/mini2440_buildroot/output/host/usr/lib -Wl,-rpath,/home/ssbai/mini2440_buildroot/output/host/usr/lib conftest.c  >&5
configure:13754: $? = 0
configure:13762: result: no
configure:13771: checking whether declaration is required for ffs
configure:13791: /usr/bin/gcc -o conftest -O2 -I/home/ssbai/mini2440_buildroot/output/host/usr/include   -L/home/ssbai/mini2440_buildroot/output/host/lib -L/home/ssbai/mini2440_buildroot/output/host/usr/lib -Wl,-rpath,/home/ssbai/mini2440_buildroot/output/host/usr/lib conftest.c  >&5
configure:13791: $? = 0
configure:13799: result: no
configure:13808: checking whether declaration is required for free
configure:13828: /usr/bin/gcc -o conftest -O2 -I/home/ssbai/mini2440_buildroot/output/host/usr/include   -L/home/ssbai/mini2440_buildroot/output/host/lib -L/home/ssbai/mini2440_buildroot/output/host/usr/lib -Wl,-rpath,/home/ssbai/mini2440_buildroot/output/host/usr/lib conftest.c  >&5
configure:13828: $? = 0
configure:13836: result: no
configure:13845: checking whether declaration is required for malloc
configure:13865: /usr/bin/gcc -o conftest -O2 -I/home/ssbai/mini2440_buildroot/output/host/usr/include   -L/home/ssbai/mini2440_buildroot/output/host/lib -L/home/ssbai/mini2440_buildroot/output/host/usr/lib -Wl,-rpath,/home/ssbai/mini2440_buildroot/output/host/usr/lib conftest.c  >&5
configure:13865: $? = 0
configure:13873: result: no
configure:13882: checking whether declaration is required for sbrk
configure:13902: /usr/bin/gcc -o conftest -O2 -I/home/ssbai/mini2440_buildroot/output/host/usr/include   -L/home/ssbai/mini2440_buildroot/output/host/lib -L/home/ssbai/mini2440_buildroot/output/host/usr/lib -Wl,-rpath,/home/ssbai/mini2440_buildroot/output/host/usr/lib conftest.c  >&5
configure:13902: $? = 0
configure:13910: result: no
configure:13919: checking whether declaration is required for strstr
configure:13939: /usr/bin/gcc -o conftest -O2 -I/home/ssbai/mini2440_buildroot/output/host/usr/include   -L/home/ssbai/mini2440_buildroot/output/host/lib -L/home/ssbai/mini2440_buildroot/output/host/usr/lib -Wl,-rpath,/home/ssbai/mini2440_buildroot/output/host/usr/lib conftest.c  >&5
configure:13939: $? = 0
configure:13947: result: no
configure:13956: checking whether mempcpy is declared
configure:13956: /usr/bin/gcc -c -O2 -I/home/ssbai/mini2440_buildroot/output/host/usr/include  conftest.c >&5
configure:13956: $? = 0
configure:13956: result: yes
configure:13967: checking whether vsnprintf is declared
configure:13967: /usr/bin/gcc -c -O2 -I/home/ssbai/mini2440_buildroot/output/host/usr/include  conftest.c >&5
configure:13967: $? = 0
configure:13967: result: yes
configure:14000: checking for library containing zlibVersion
configure:14031: /usr/bin/gcc -o conftest -O2 -I/home/ssbai/mini2440_buildroot/output/host/usr/include   -L/home/ssbai/mini2440_buildroot/output/host/lib -L/home/ssbai/mini2440_buildroot/output/host/usr/lib -Wl,-rpath,/home/ssbai/mini2440_buildroot/output/host/usr/lib conftest.c  >&5
/tmp/ccJwowTC.o: In function `main':
conftest.c:(.text.startup+0x7): undefined reference to `zlibVersion'
collect2: error: ld returned 1 exit status
configure:14031: $? = 1
configure: failed program was:
| /* confdefs.h */
| #define PACKAGE_NAME ""
| #define PACKAGE_TARNAME ""
| #define PACKAGE_VERSION ""
| #define PACKAGE_STRING ""
| #define PACKAGE_BUGREPORT ""
| #define PACKAGE_URL ""
| #define PACKAGE "gas"
| #define VERSION "2.22"
| #define STDC_HEADERS 1
| #define HAVE_SYS_TYPES_H 1
| #define HAVE_SYS_STAT_H 1
| #define HAVE_STDLIB_H 1
| #define HAVE_STRING_H 1
| #define HAVE_MEMORY_H 1
| #define HAVE_STRINGS_H 1
| #define HAVE_INTTYPES_H 1
| #define HAVE_STDINT_H 1
| #define HAVE_UNISTD_H 1
| #define __EXTENSIONS__ 1
| #define _ALL_SOURCE 1
| #define _GNU_SOURCE 1
| #define _POSIX_PTHREAD_SEMANTICS 1
| #define _TANDEM_SOURCE 1
| #define HAVE_DLFCN_H 1
| #define LT_OBJDIR ".libs/"
| #define TARGET_BYTES_BIG_ENDIAN 0
| #define EMULATIONS 
| #define DEFAULT_EMULATION ""
| #define TARGET_ALIAS "arm-buildroot-linux-uclibcgnueabi"
| #define TARGET_CANONICAL "arm-buildroot-linux-uclibcgnueabi"
| #define TARGET_CPU "arm"
| #define TARGET_VENDOR "buildroot"
| #define TARGET_OS "linux-uclibcgnueabi"
| #define YYTEXT_POINTER 1
| #define ENABLE_NLS 1
| #define HAVE_STRING_H 1
| #define HAVE_STDLIB_H 1
| #define HAVE_MEMORY_H 1
| #define HAVE_STRINGS_H 1
| #define HAVE_UNISTD_H 1
| #define HAVE_ERRNO_H 1
| #define HAVE_SYS_TYPES_H 1
| #define HAVE_LIMITS_H 1
| #define HAVE_TIME_H 1
| #define HAVE_SYS_STAT_H 1
| #define CROSS_COMPILE 1
| #define HAVE_ALLOCA_H 1
| #define HAVE_ALLOCA 1
| #define HAVE_UNLINK 1
| #define HAVE_SBRK 1
| #define HAVE_DECL_GETOPT 1
| #define HAVE_DECL_MEMPCPY 1
| #define HAVE_DECL_VSNPRINTF 1
| /* end confdefs.h.  */
| 
| /* Override any GCC internal prototype to avoid an error.
|    Use char because int might match the return type of a GCC
|    builtin and then its argument prototype would still apply.  */
| #ifdef __cplusplus
| extern "C"
| #endif
| char zlibVersion ();
| int
| main ()
| {
| return zlibVersion ();
|   ;
|   return 0;
| }
configure:14031: /usr/bin/gcc -o conftest -O2 -I/home/ssbai/mini2440_buildroot/output/host/usr/include   -L/home/ssbai/mini2440_buildroot/output/host/lib -L/home/ssbai/mini2440_buildroot/output/host/usr/lib -Wl,-rpath,/home/ssbai/mini2440_buildroot/output/host/usr/lib conftest.c -lz   >&5
configure:14031: $? = 0
configure:14048: result: -lz
configure:14055: checking zlib.h usability
configure:14055: /usr/bin/gcc -c -O2 -I/home/ssbai/mini2440_buildroot/output/host/usr/include  conftest.c >&5
configure:14055: $? = 0
configure:14055: result: yes
configure:14055: checking zlib.h presence
configure:14055: /usr/bin/gcc -E  conftest.c
configure:14055: $? = 0
configure:14055: result: yes
configure:14055: checking for zlib.h
configure:14055: result: yes
configure:14076: checking for struct tm.tm_gmtoff in time.h
configure:14094: /usr/bin/gcc -c -O2 -I/home/ssbai/mini2440_buildroot/output/host/usr/include  conftest.c >&5
configure:14094: $? = 0
configure:14108: result: yes
configure:14114: checking for struct stat.st_mtim.tv_sec in sys/stat.h
configure:14132: /usr/bin/gcc -c -O2 -I/home/ssbai/mini2440_buildroot/output/host/usr/include  conftest.c >&5
configure:14132: $? = 0
configure:14146: result: yes
configure:14149: checking for struct stat.st_mtim.tv_nsec in sys/stat.h
configure:14167: /usr/bin/gcc -c -O2 -I/home/ssbai/mini2440_buildroot/output/host/usr/include  conftest.c >&5
configure:14167: $? = 0
configure:14181: result: yes
configure:14264: updating cache ./config.cache
configure:14326: creating ./config.status

## ---------------------- ##
## Running config.status. ##
## ---------------------- ##

This file was extended by config.status, which was
generated by GNU Autoconf 2.64.  Invocation command line was

  CONFIG_FILES    = 
  CONFIG_HEADERS  = 
  CONFIG_LINKS    = 
  CONFIG_COMMANDS = 
  $ ./config.status 

on ssbai

config.status:1158: creating .gdbinit
config.status:1158: creating Makefile
config.status:1158: creating doc/Makefile
config.status:1158: creating po/Makefile.in
config.status:1158: creating config.h
config.status:1378: executing depfiles commands
config.status:1378: executing libtool commands
config.status:1378: executing default-1 commands
config.status:1378: executing default commands

## ---------------- ##
## Cache variables. ##
## ---------------- ##

ac_cv_build=x86_64-unknown-linux-gnu
ac_cv_c_bigendian=no
ac_cv_c_compiler_gnu=yes
ac_cv_c_inline=inline
ac_cv_env_CC_set=set
ac_cv_env_CC_value=/usr/bin/gcc
ac_cv_env_CFLAGS_set=set
ac_cv_env_CFLAGS_value='-O2 -I/home/ssbai/mini2440_buildroot/output/host/usr/include'
ac_cv_env_CPPFLAGS_set=
ac_cv_env_CPPFLAGS_value=
ac_cv_env_CPP_set=
ac_cv_env_CPP_value=
ac_cv_env_LDFLAGS_set=set
ac_cv_env_LDFLAGS_value=' -L/home/ssbai/mini2440_buildroot/output/host/lib -L/home/ssbai/mini2440_buildroot/output/host/usr/lib -Wl,-rpath,/home/ssbai/mini2440_buildroot/output/host/usr/lib'
ac_cv_env_LIBS_set=
ac_cv_env_LIBS_value=
ac_cv_env_YACC_set=set
ac_cv_env_YACC_value='/home/ssbai/mini2440_buildroot/output/build/host-binutils-2.22/missing bison -y'
ac_cv_env_YFLAGS_set=
ac_cv_env_YFLAGS_value=
ac_cv_env_build_alias_set=set
ac_cv_env_build_alias_value=x86_64-unknown-linux-gnu
ac_cv_env_host_alias_set=set
ac_cv_env_host_alias_value=x86_64-unknown-linux-gnu
ac_cv_env_target_alias_set=set
ac_cv_env_target_alias_value=arm-buildroot-linux-uclibcgnueabi
ac_cv_func_alloca_works=yes
ac_cv_func_sbrk=yes
ac_cv_func_unlink=yes
ac_cv_have_decl_mempcpy=yes
ac_cv_have_decl_vsnprintf=yes
ac_cv_header_dlfcn_h=yes
ac_cv_header_errno_h=yes
ac_cv_header_inttypes_h=yes
ac_cv_header_limits_h=yes
ac_cv_header_memory_h=yes
ac_cv_header_minix_config_h=no
ac_cv_header_stdc=yes
ac_cv_header_stdint_h=yes
ac_cv_header_stdlib_h=yes
ac_cv_header_string_h=yes
ac_cv_header_strings_h=yes
ac_cv_header_sys_stat_h=yes
ac_cv_header_sys_types_h=yes
ac_cv_header_time_h=yes
ac_cv_header_unistd_h=yes
ac_cv_header_zlib_h=yes
ac_cv_host=x86_64-unknown-linux-gnu
ac_cv_lib_lex=
ac_cv_objext=o
ac_cv_path_EGREP='/bin/grep -E'
ac_cv_path_FGREP='/bin/grep -F'
ac_cv_path_GMSGFMT=/usr/bin/msgfmt
ac_cv_path_GREP=/bin/grep
ac_cv_path_MSGFMT=/usr/bin/msgfmt
ac_cv_path_MSGMERGE=/usr/bin/msgmerge
ac_cv_path_SED=/bin/sed
ac_cv_path_XGETTEXT=/usr/bin/xgettext
ac_cv_path_mkdir=/bin/mkdir
ac_cv_prog_AR=/usr/bin/ar
ac_cv_prog_AWK=gawk
ac_cv_prog_CC=/usr/bin/gcc
ac_cv_prog_CPP='/usr/bin/gcc -E'
ac_cv_prog_LEX='/home/ssbai/mini2440_buildroot/output/build/host-binutils-2.22/missing flex'
ac_cv_prog_OBJDUMP=objdump
ac_cv_prog_RANLIB=/usr/bin/ranlib
ac_cv_prog_YACC='/home/ssbai/mini2440_buildroot/output/build/host-binutils-2.22/missing bison -y'
ac_cv_prog_ac_ct_STRIP=strip
ac_cv_prog_cc_c89=
ac_cv_prog_cc_g=yes
ac_cv_prog_lex_root=lex.yy
ac_cv_prog_lex_yytext_pointer=yes
ac_cv_prog_make__usr_bin_make_set=yes
ac_cv_safe_to_define___extensions__=yes
ac_cv_search_strerror='none required'
ac_cv_search_zlibVersion=-lz
ac_cv_sys_file_offset_bits=no
ac_cv_sys_largefile_CC=no
ac_cv_target=arm-buildroot-linux-uclibcgnueabi
ac_cv_working_alloca_h=yes
am_cv_CC_dependencies_compiler_type=none
gas_cv_assert_ok=yes
gas_cv_decl_getopt_unistd_h=yes
gas_cv_decl_needed_environ=no
gas_cv_decl_needed_errno=no
gas_cv_decl_needed_ffs=no
gas_cv_decl_needed_free=no
gas_cv_decl_needed_malloc=no
gas_cv_decl_needed_sbrk=no
gas_cv_decl_needed_strstr=no
gas_cv_have_sys_stat_type_member_st_mtim_tv_nsec=yes
gas_cv_have_sys_stat_type_member_st_mtim_tv_sec=yes
gas_cv_have_time_type_member_tm_gmtoff=yes
lt_cv_deplibs_check_method=pass_all
lt_cv_file_magic_cmd='$MAGIC_CMD'
lt_cv_file_magic_test_file=
lt_cv_ld_reload_flag=-r
lt_cv_nm_interface='BSD nm'
lt_cv_objdir=.libs
lt_cv_path_LD=/usr/bin/ld
lt_cv_path_NM=/usr/bin/nm
lt_cv_prog_compiler_c_o=yes
lt_cv_prog_compiler_pic_works=yes
lt_cv_prog_compiler_rtti_exceptions=no
lt_cv_prog_compiler_static_works=yes
lt_cv_prog_gnu_ld=yes
lt_cv_shlibpath_overrides_runpath=no
lt_cv_sys_global_symbol_pipe='sed -n -e '\''s/^.*[	 ]\([ABCDGIRSTW][ABCDGIRSTW]*\)[	 ][	 ]*\([_A-Za-z][_A-Za-z0-9]*\)$/\1 \2 \2/p'\'''
lt_cv_sys_global_symbol_to_c_name_address='sed -n -e '\''s/^: \([^ ]*\) $/  {\"\1\", (void *) 0},/p'\'' -e '\''s/^[ABCDGIRSTW]* \([^ ]*\) \([^ ]*\)$/  {"\2", (void *) \&\2},/p'\'''
lt_cv_sys_global_symbol_to_c_name_address_lib_prefix='sed -n -e '\''s/^: \([^ ]*\) $/  {\"\1\", (void *) 0},/p'\'' -e '\''s/^[ABCDGIRSTW]* \([^ ]*\) \(lib[^ ]*\)$/  {"\2", (void *) \&\2},/p'\'' -e '\''s/^[ABCDGIRSTW]* \([^ ]*\) \([^ ]*\)$/  {"lib\2", (void *) \&\2},/p'\'''
lt_cv_sys_global_symbol_to_cdecl='sed -n -e '\''s/^T .* \(.*\)$/extern int \1();/p'\'' -e '\''s/^[ABCDGIRSTW]* .* \(.*\)$/extern char \1;/p'\'''
lt_cv_sys_max_cmd_len=3458764513820540925

## ----------------- ##
## Output variables. ##
## ----------------- ##

ACLOCAL='${SHELL} /home/ssbai/mini2440_buildroot/output/build/host-binutils-2.22/missing --run aclocal-1.11'
ALLOCA=''
AMDEPBACKSLASH=''
AMDEP_FALSE=''
AMDEP_TRUE='#'
AMTAR='${SHELL} /home/ssbai/mini2440_buildroot/output/build/host-binutils-2.22/missing --run tar'
AR='/usr/bin/ar'
AUTOCONF='${SHELL} /home/ssbai/mini2440_buildroot/output/build/host-binutils-2.22/missing --run autoconf'
AUTOHEADER='${SHELL} /home/ssbai/mini2440_buildroot/output/build/host-binutils-2.22/missing --run autoheader'
AUTOMAKE='${SHELL} /home/ssbai/mini2440_buildroot/output/build/host-binutils-2.22/missing --run automake-1.11'
AWK='gawk'
CATALOGS=' es.gmo fi.gmo fr.gmo id.gmo ru.gmo rw.gmo tr.gmo es.gmo fi.gmo fr.gmo id.gmo ru.gmo rw.gmo tr.gmo'
CATOBJEXT='.gmo'
CC='/usr/bin/gcc'
CCDEPMODE='depmode=none'
CFLAGS='-O2 -I/home/ssbai/mini2440_buildroot/output/host/usr/include'
CPP='/usr/bin/gcc -E'
CPPFLAGS=''
CYGPATH_W='echo'
DATADIRNAME='share'
DEFS='-DHAVE_CONFIG_H'
DEPDIR='.deps'
DSYMUTIL=''
DUMPBIN=''
ECHO_C=''
ECHO_N='-n'
ECHO_T=''
EGREP='/bin/grep -E'
EXEEXT=''
FGREP='/bin/grep -F'
GDBINIT='.gdbinit'
GENCAT='gencat'
GENINSRC_NEVER_FALSE=''
GENINSRC_NEVER_TRUE='#'
GMSGFMT='/usr/bin/msgfmt'
GREP='/bin/grep'
INCINTL=''
INSTALL_DATA='/usr/bin/install -c -m 644'
INSTALL_PROGRAM='/usr/bin/install -c'
INSTALL_SCRIPT='/usr/bin/install -c'
INSTALL_STRIP_PROGRAM='$(install_sh) -c -s'
INSTOBJEXT='.mo'
LD='/usr/bin/ld -m elf_x86_64'
LDFLAGS=' -L/home/ssbai/mini2440_buildroot/output/host/lib -L/home/ssbai/mini2440_buildroot/output/host/usr/lib -Wl,-rpath,/home/ssbai/mini2440_buildroot/output/host/usr/lib'
LEX='/home/ssbai/mini2440_buildroot/output/build/host-binutils-2.22/missing flex'
LEXLIB=''
LEX_OUTPUT_ROOT='lex.yy'
LIBINTL=''
LIBINTL_DEP=''
LIBM=''
LIBOBJS=''
LIBS='-lz '
LIBTOOL='$(SHELL) $(top_builddir)/libtool'
LIPO=''
LN_S='ln -s'
LTLIBOBJS=''
MAINT='#'
MAINTAINER_MODE_FALSE=''
MAINTAINER_MODE_TRUE='#'
MAKEINFO='/home/ssbai/mini2440_buildroot/output/build/host-binutils-2.22/missing makeinfo --split-size=5000000'
MKDIR_P='/bin/mkdir -p'
MKINSTALLDIRS='$(top_builddir)/../mkinstalldirs'
MSGFMT='/usr/bin/msgfmt'
MSGMERGE='/usr/bin/msgmerge'
NM='/usr/bin/nm'
NMEDIT=''
NO_WERROR=''
OBJDUMP='objdump'
OBJEXT='o'
OPCODES_LIB='../opcodes/libopcodes.la'
OTOOL64=''
OTOOL=''
PACKAGE='gas'
PACKAGE_BUGREPORT=''
PACKAGE_NAME=''
PACKAGE_STRING=''
PACKAGE_TARNAME=''
PACKAGE_URL=''
PACKAGE_VERSION=''
PATH_SEPARATOR=':'
POSUB='po'
RANLIB='/usr/bin/ranlib'
SED='/bin/sed'
SET_MAKE=''
SHELL='/bin/bash'
STRIP='strip'
USE_NLS='yes'
VERSION='2.22'
WARN_CFLAGS='-W -Wall -Wstrict-prototypes -Wmissing-prototypes -Wshadow'
XGETTEXT='/usr/bin/xgettext'
YACC='/home/ssbai/mini2440_buildroot/output/build/host-binutils-2.22/missing bison -y'
YFLAGS=''
ac_ct_CC=''
ac_ct_DUMPBIN=''
am__EXEEXT_FALSE=''
am__EXEEXT_TRUE='#'
am__fastdepCC_FALSE=''
am__fastdepCC_TRUE='#'
am__include='include'
am__isrc=''
am__leading_dot='.'
am__quote=''
am__tar='${AMTAR} chof - "$$tardir"'
am__untar='${AMTAR} xf -'
atof='ieee'
bindir='${exec_prefix}/bin'
build='x86_64-unknown-linux-gnu'
build_alias='x86_64-unknown-linux-gnu'
build_cpu='x86_64'
build_os='linux-gnu'
build_vendor='unknown'
cgen_cpu_prefix=''
datadir='${datarootdir}'
datarootdir='${prefix}/share'
docdir='${datarootdir}/doc/${PACKAGE}'
dvidir='${docdir}'
exec_prefix='${prefix}'
extra_objects=''
host='x86_64-unknown-linux-gnu'
host_alias='x86_64-unknown-linux-gnu'
host_cpu='x86_64'
host_os='linux-gnu'
host_vendor='unknown'
htmldir='${docdir}'
includedir='${prefix}/include'
infodir='${datarootdir}/info'
install_sh='${SHELL} /home/ssbai/mini2440_buildroot/output/build/host-binutils-2.22/install-sh'
install_tooldir='install-exec-tooldir'
libdir='${exec_prefix}/lib'
libexecdir='${exec_prefix}/libexec'
localedir='${datarootdir}/locale'
localstatedir='/home/ssbai/mini2440_buildroot/output/host/var'
mandir='${datarootdir}/man'
mkdir_p='/bin/mkdir -p'
obj_format='elf'
oldincludedir='/usr/include'
pdfdir='${docdir}'
prefix='/home/ssbai/mini2440_buildroot/output/host/usr'
program_transform_name='s&^&arm-buildroot-linux-uclibcgnueabi-&'
psdir='${docdir}'
sbindir='${exec_prefix}/sbin'
sharedstatedir='${prefix}/com'
sysconfdir='/home/ssbai/mini2440_buildroot/output/host/etc'
target='arm-buildroot-linux-uclibcgnueabi'
target_alias='arm-buildroot-linux-uclibcgnueabi'
target_cpu='arm'
target_cpu_type='arm'
target_os='linux-uclibcgnueabi'
target_vendor='buildroot'
te_file='armlinuxeabi'

## ----------- ##
## confdefs.h. ##
## ----------- ##

/* confdefs.h */
#define PACKAGE_NAME ""
#define PACKAGE_TARNAME ""
#define PACKAGE_VERSION ""
#define PACKAGE_STRING ""
#define PACKAGE_BUGREPORT ""
#define PACKAGE_URL ""
#define PACKAGE "gas"
#define VERSION "2.22"
#define STDC_HEADERS 1
#define HAVE_SYS_TYPES_H 1
#define HAVE_SYS_STAT_H 1
#define HAVE_STDLIB_H 1
#define HAVE_STRING_H 1
#define HAVE_MEMORY_H 1
#define HAVE_STRINGS_H 1
#define HAVE_INTTYPES_H 1
#define HAVE_STDINT_H 1
#define HAVE_UNISTD_H 1
#define __EXTENSIONS__ 1
#define _ALL_SOURCE 1
#define _GNU_SOURCE 1
#define _POSIX_PTHREAD_SEMANTICS 1
#define _TANDEM_SOURCE 1
#define HAVE_DLFCN_H 1
#define LT_OBJDIR ".libs/"
#define TARGET_BYTES_BIG_ENDIAN 0
#define EMULATIONS 
#define DEFAULT_EMULATION ""
#define TARGET_ALIAS "arm-buildroot-linux-uclibcgnueabi"
#define TARGET_CANONICAL "arm-buildroot-linux-uclibcgnueabi"
#define TARGET_CPU "arm"
#define TARGET_VENDOR "buildroot"
#define TARGET_OS "linux-uclibcgnueabi"
#define YYTEXT_POINTER 1
#define ENABLE_NLS 1
#define HAVE_STRING_H 1
#define HAVE_STDLIB_H 1
#define HAVE_MEMORY_H 1
#define HAVE_STRINGS_H 1
#define HAVE_UNISTD_H 1
#define HAVE_ERRNO_H 1
#define HAVE_SYS_TYPES_H 1
#define HAVE_LIMITS_H 1
#define HAVE_TIME_H 1
#define HAVE_SYS_STAT_H 1
#define CROSS_COMPILE 1
#define HAVE_ALLOCA_H 1
#define HAVE_ALLOCA 1
#define HAVE_UNLINK 1
#define HAVE_SBRK 1
#define HAVE_DECL_GETOPT 1
#define HAVE_DECL_MEMPCPY 1
#define HAVE_DECL_VSNPRINTF 1
#define HAVE_ZLIB_H 1
#define HAVE_TM_GMTOFF 1
#define HAVE_ST_MTIM_TV_SEC 1
#define HAVE_ST_MTIM_TV_NSEC 1

configure: exit 0
