This file contains any messages produced by compilers while
running configure, to aid debugging if configure makes a mistake.

It was created by kmod configure 18, which was
generated by GNU Autoconf 2.69.  Invocation command line was

  $ ./configure --prefix=/home/ssbai/mini2440_buildroot/output/host/usr --sysconfdir=/home/ssbai/mini2440_buildroot/output/host/etc --localstatedir=/home/ssbai/mini2440_buildroot/output/host/var --enable-shared --disable-static --disable-gtk-doc --disable-doc --disable-docs --disable-documentation --disable-debug --with-xmlto=no --with-fop=no --disable-dependency-tracking --disable-manpages

## --------- ##
## Platform. ##
## --------- ##

hostname = ssbai
uname -m = x86_64
uname -r = 3.13.0-32-generic
uname -s = Linux
uname -v = #57-Ubuntu SMP Tue Jul 15 03:51:08 UTC 2014

/usr/bin/uname -p = unknown
/bin/uname -X     = unknown

/bin/arch              = unknown
/usr/bin/arch -k       = unknown
/usr/convex/getsysinfo = unknown
/usr/bin/hostinfo      = unknown
/bin/machine           = unknown
/usr/bin/oslevel       = unknown
/bin/universe          = unknown

PATH: /home/ssbai/mini2440_buildroot/output/host/bin
PATH: /home/ssbai/mini2440_buildroot/output/host/sbin
PATH: /home/ssbai/mini2440_buildroot/output/host/usr/bin
PATH: /home/ssbai/mini2440_buildroot/output/host/usr/sbin
PATH: /usr/local/sbin
PATH: /usr/local/bin
PATH: /usr/sbin
PATH: /usr/bin
PATH: /sbin
PATH: /bin
PATH: /usr/games
PATH: /usr/local/games
PATH: /home/ssbai/mini2440_buildroot/FriendlyARM/toolschain/4.4.3/bin/


## ----------- ##
## Core tests. ##
## ----------- ##

configure:2481: checking for a BSD-compatible install
configure:2549: result: /usr/bin/install -c
configure:2560: checking whether build environment is sane
configure:2615: result: yes
configure:2766: checking for a thread-safe mkdir -p
configure:2805: result: /bin/mkdir -p
configure:2812: checking for gawk
configure:2828: found /usr/bin/gawk
configure:2839: result: gawk
configure:2850: checking whether make sets $(MAKE)
configure:2872: result: yes
configure:2901: checking whether make supports nested variables
configure:2918: result: yes
configure:2997: checking how to create a pax tar archive
configure:3008: tar --version
tar (GNU tar) 1.27.1
Copyright (C) 2013 Free Software Foundation, Inc.
License GPLv3+: GNU GPL version 3 or later <http://gnu.org/licenses/gpl.html>.
This is free software: you are free to change and redistribute it.
There is NO WARRANTY, to the extent permitted by law.

Written by John Gilmore and Jay Fenlason.
configure:3011: $? = 0
configure:3051: tardir=conftest.dir && eval tar --format=posix -chf - "$tardir" >conftest.tar
configure:3054: $? = 0
configure:3058: tar -xf - <conftest.tar
configure:3061: $? = 0
configure:3063: cat conftest.dir/file
GrepMe
configure:3066: $? = 0
configure:3079: result: gnutar
configure:3140: checking for style of include used by make
configure:3168: result: GNU
configure:3239: checking for gcc
configure:3266: result: /usr/bin/gcc
configure:3495: checking for C compiler version
configure:3504: /usr/bin/gcc --version >&5
gcc (Ubuntu 4.8.2-19ubuntu1) 4.8.2
Copyright (C) 2013 Free Software Foundation, Inc.
This is free software; see the source for copying conditions.  There is NO
warranty; not even for MERCHANTABILITY or FITNESS FOR A PARTICULAR PURPOSE.

configure:3515: $? = 0
configure:3504: /usr/bin/gcc -v >&5
Using built-in specs.
COLLECT_GCC=/usr/bin/gcc
COLLECT_LTO_WRAPPER=/usr/lib/gcc/x86_64-linux-gnu/4.8/lto-wrapper
Target: x86_64-linux-gnu
Configured with: ../src/configure -v --with-pkgversion='Ubuntu 4.8.2-19ubuntu1' --with-bugurl=file:///usr/share/doc/gcc-4.8/README.Bugs --enable-languages=c,c++,java,go,d,fortran,objc,obj-c++ --prefix=/usr --program-suffix=-4.8 --enable-shared --enable-linker-build-id --libexecdir=/usr/lib --without-included-gettext --enable-threads=posix --with-gxx-include-dir=/usr/include/c++/4.8 --libdir=/usr/lib --enable-nls --with-sysroot=/ --enable-clocale=gnu --enable-libstdcxx-debug --enable-libstdcxx-time=yes --enable-gnu-unique-object --disable-libmudflap --enable-plugin --with-system-zlib --disable-browser-plugin --enable-java-awt=gtk --enable-gtk-cairo --with-java-home=/usr/lib/jvm/java-1.5.0-gcj-4.8-amd64/jre --enable-java-home --with-jvm-root-dir=/usr/lib/jvm/java-1.5.0-gcj-4.8-amd64 --with-jvm-jar-dir=/usr/lib/jvm-exports/java-1.5.0-gcj-4.8-amd64 --with-arch-directory=amd64 --with-ecj-jar=/usr/share/java/eclipse-ecj.jar --enable-objc-gc --enable-multiarch --disable-werror --with-arch-32=i686 --with-abi=m64 --with-multilib-list=m32,m64,mx32 --with-tune=generic --enable-checking=release --build=x86_64-linux-gnu --host=x86_64-linux-gnu --target=x86_64-linux-gnu
Thread model: posix
gcc version 4.8.2 (Ubuntu 4.8.2-19ubuntu1) 
configure:3515: $? = 0
configure:3504: /usr/bin/gcc -V >&5
gcc: error: unrecognized command line option '-V'
gcc: fatal error: no input files
compilation terminated.
configure:3515: $? = 4
configure:3504: /usr/bin/gcc -qversion >&5
gcc: error: unrecognized command line option '-qversion'
gcc: fatal error: no input files
compilation terminated.
configure:3515: $? = 4
configure:3535: checking whether the C compiler works
configure:3557: /usr/bin/gcc -O2 -I/home/ssbai/mini2440_buildroot/output/host/usr/include -I/home/ssbai/mini2440_buildroot/output/host/usr/include -L/home/ssbai/mini2440_buildroot/output/host/lib -L/home/ssbai/mini2440_buildroot/output/host/usr/lib -Wl,-rpath,/home/ssbai/mini2440_buildroot/output/host/usr/lib conftest.c  >&5
configure:3561: $? = 0
configure:3609: result: yes
configure:3612: checking for C compiler default output file name
configure:3614: result: a.out
configure:3620: checking for suffix of executables
configure:3627: /usr/bin/gcc -o conftest -O2 -I/home/ssbai/mini2440_buildroot/output/host/usr/include -I/home/ssbai/mini2440_buildroot/output/host/usr/include -L/home/ssbai/mini2440_buildroot/output/host/lib -L/home/ssbai/mini2440_buildroot/output/host/usr/lib -Wl,-rpath,/home/ssbai/mini2440_buildroot/output/host/usr/lib conftest.c  >&5
configure:3631: $? = 0
configure:3653: result: 
configure:3675: checking whether we are cross compiling
configure:3683: /usr/bin/gcc -o conftest -O2 -I/home/ssbai/mini2440_buildroot/output/host/usr/include -I/home/ssbai/mini2440_buildroot/output/host/usr/include -L/home/ssbai/mini2440_buildroot/output/host/lib -L/home/ssbai/mini2440_buildroot/output/host/usr/lib -Wl,-rpath,/home/ssbai/mini2440_buildroot/output/host/usr/lib conftest.c  >&5
configure:3687: $? = 0
configure:3694: ./conftest
configure:3698: $? = 0
configure:3713: result: no
configure:3718: checking for suffix of object files
configure:3740: /usr/bin/gcc -c -O2 -I/home/ssbai/mini2440_buildroot/output/host/usr/include -I/home/ssbai/mini2440_buildroot/output/host/usr/include conftest.c >&5
configure:3744: $? = 0
configure:3765: result: o
configure:3769: checking whether we are using the GNU C compiler
configure:3788: /usr/bin/gcc -c -O2 -I/home/ssbai/mini2440_buildroot/output/host/usr/include -I/home/ssbai/mini2440_buildroot/output/host/usr/include conftest.c >&5
configure:3788: $? = 0
configure:3797: result: yes
configure:3806: checking whether /usr/bin/gcc accepts -g
configure:3826: /usr/bin/gcc -c -g -I/home/ssbai/mini2440_buildroot/output/host/usr/include conftest.c >&5
configure:3826: $? = 0
configure:3867: result: yes
configure:3884: checking for /usr/bin/gcc option to accept ISO C89
configure:3947: /usr/bin/gcc  -c -O2 -I/home/ssbai/mini2440_buildroot/output/host/usr/include -I/home/ssbai/mini2440_buildroot/output/host/usr/include conftest.c >&5
configure:3947: $? = 0
configure:3960: result: none needed
configure:3985: checking whether /usr/bin/gcc understands -c and -o together
configure:4007: /usr/bin/gcc -c conftest.c -o conftest2.o
configure:4010: $? = 0
configure:4007: /usr/bin/gcc -c conftest.c -o conftest2.o
configure:4010: $? = 0
configure:4022: result: yes
configure:4041: checking dependency style of /usr/bin/gcc
configure:4152: result: none
configure:4171: checking for /usr/bin/gcc option to accept ISO C99
configure:4320: /usr/bin/gcc  -c -O2 -I/home/ssbai/mini2440_buildroot/output/host/usr/include -I/home/ssbai/mini2440_buildroot/output/host/usr/include conftest.c >&5
conftest.c:61:29: error: expected ';', ',' or ')' before 'text'
 test_restrict (ccp restrict text)
                             ^
conftest.c: In function 'main':
conftest.c:115:18: error: expected '=', ',', ';', 'asm' or '__attribute__' before 'newvar'
   char *restrict newvar = "Another string";
                  ^
conftest.c:115:18: error: 'newvar' undeclared (first use in this function)
conftest.c:115:18: note: each undeclared identifier is reported only once for each function it appears in
conftest.c:125:3: error: 'for' loop initial declarations are only allowed in C99 mode
   for (int i = 0; i < ia->datasize; ++i)
   ^
conftest.c:125:3: note: use option -std=c99 or -std=gnu99 to compile your code
configure:4320: $? = 1
configure: failed program was:
| /* confdefs.h */
| #define PACKAGE_NAME "kmod"
| #define PACKAGE_TARNAME "kmod"
| #define PACKAGE_VERSION "18"
| #define PACKAGE_STRING "kmod 18"
| #define PACKAGE_BUGREPORT "linux-modules@vger.kernel.org"
| #define PACKAGE_URL "http://git.kernel.org/?p=utils/kernel/kmod/kmod.git"
| #define PACKAGE "kmod"
| #define VERSION "18"
| /* end confdefs.h.  */
| #include <stdarg.h>
| #include <stdbool.h>
| #include <stdlib.h>
| #include <wchar.h>
| #include <stdio.h>
| 
| // Check varargs macros.  These examples are taken from C99 6.10.3.5.
| #define debug(...) fprintf (stderr, __VA_ARGS__)
| #define showlist(...) puts (#__VA_ARGS__)
| #define report(test,...) ((test) ? puts (#test) : printf (__VA_ARGS__))
| static void
| test_varargs_macros (void)
| {
|   int x = 1234;
|   int y = 5678;
|   debug ("Flag");
|   debug ("X = %d\n", x);
|   showlist (The first, second, and third items.);
|   report (x>y, "x is %d but y is %d", x, y);
| }
| 
| // Check long long types.
| #define BIG64 18446744073709551615ull
| #define BIG32 4294967295ul
| #define BIG_OK (BIG64 / BIG32 == 4294967297ull && BIG64 % BIG32 == 0)
| #if !BIG_OK
|   your preprocessor is broken;
| #endif
| #if BIG_OK
| #else
|   your preprocessor is broken;
| #endif
| static long long int bignum = -9223372036854775807LL;
| static unsigned long long int ubignum = BIG64;
| 
| struct incomplete_array
| {
|   int datasize;
|   double data[];
| };
| 
| struct named_init {
|   int number;
|   const wchar_t *name;
|   double average;
| };
| 
| typedef const char *ccp;
| 
| static inline int
| test_restrict (ccp restrict text)
| {
|   // See if C++-style comments work.
|   // Iterate through items via the restricted pointer.
|   // Also check for declarations in for loops.
|   for (unsigned int i = 0; *(text+i) != '\0'; ++i)
|     continue;
|   return 0;
| }
| 
| // Check varargs and va_copy.
| static void
| test_varargs (const char *format, ...)
| {
|   va_list args;
|   va_start (args, format);
|   va_list args_copy;
|   va_copy (args_copy, args);
| 
|   const char *str;
|   int number;
|   float fnumber;
| 
|   while (*format)
|     {
|       switch (*format++)
| 	{
| 	case 's': // string
| 	  str = va_arg (args_copy, const char *);
| 	  break;
| 	case 'd': // int
| 	  number = va_arg (args_copy, int);
| 	  break;
| 	case 'f': // float
| 	  fnumber = va_arg (args_copy, double);
| 	  break;
| 	default:
| 	  break;
| 	}
|     }
|   va_end (args_copy);
|   va_end (args);
| }
| 
| int
| main ()
| {
| 
|   // Check bool.
|   _Bool success = false;
| 
|   // Check restrict.
|   if (test_restrict ("String literal") == 0)
|     success = true;
|   char *restrict newvar = "Another string";
| 
|   // Check varargs.
|   test_varargs ("s, d' f .", "string", 65, 34.234);
|   test_varargs_macros ();
| 
|   // Check flexible array members.
|   struct incomplete_array *ia =
|     malloc (sizeof (struct incomplete_array) + (sizeof (double) * 10));
|   ia->datasize = 10;
|   for (int i = 0; i < ia->datasize; ++i)
|     ia->data[i] = i * 1.234;
| 
|   // Check named initializers.
|   struct named_init ni = {
|     .number = 34,
|     .name = L"Test wide string",
|     .average = 543.34343,
|   };
| 
|   ni.number = 58;
| 
|   int dynamic_array[ni.number];
|   dynamic_array[ni.number - 1] = 543;
| 
|   // work around unused variable warnings
|   return (!success || bignum == 0LL || ubignum == 0uLL || newvar[0] == 'x'
| 	  || dynamic_array[ni.number - 1] != 543);
| 
|   ;
|   return 0;
| }
configure:4320: /usr/bin/gcc -std=gnu99 -c -O2 -I/home/ssbai/mini2440_buildroot/output/host/usr/include -I/home/ssbai/mini2440_buildroot/output/host/usr/include conftest.c >&5
configure:4320: $? = 0
configure:4340: result: -std=gnu99
configure:4441: checking for /usr/bin/gcc -std=gnu99 option to accept ISO Standard C
configure:4455: result: -std=gnu99
configure:4465: checking how to run the C preprocessor
configure:4535: result: /usr/bin/cpp
configure:4555: /usr/bin/cpp -I/home/ssbai/mini2440_buildroot/output/host/usr/include conftest.c
configure:4555: $? = 0
configure:4569: /usr/bin/cpp -I/home/ssbai/mini2440_buildroot/output/host/usr/include conftest.c
conftest.c:11:28: fatal error: ac_nonexistent.h: No such file or directory
 #include <ac_nonexistent.h>
                            ^
compilation terminated.
configure:4569: $? = 1
configure: failed program was:
| /* confdefs.h */
| #define PACKAGE_NAME "kmod"
| #define PACKAGE_TARNAME "kmod"
| #define PACKAGE_VERSION "18"
| #define PACKAGE_STRING "kmod 18"
| #define PACKAGE_BUGREPORT "linux-modules@vger.kernel.org"
| #define PACKAGE_URL "http://git.kernel.org/?p=utils/kernel/kmod/kmod.git"
| #define PACKAGE "kmod"
| #define VERSION "18"
| /* end confdefs.h.  */
| #include <ac_nonexistent.h>
configure:4598: checking for grep that handles long lines and -e
configure:4656: result: /bin/grep
configure:4661: checking for egrep
configure:4723: result: /bin/grep -E
configure:4728: checking for ANSI C header files
configure:4748: /usr/bin/gcc -std=gnu99 -c -O2 -I/home/ssbai/mini2440_buildroot/output/host/usr/include -I/home/ssbai/mini2440_buildroot/output/host/usr/include conftest.c >&5
configure:4748: $? = 0
configure:4821: /usr/bin/gcc -std=gnu99 -o conftest -O2 -I/home/ssbai/mini2440_buildroot/output/host/usr/include -I/home/ssbai/mini2440_buildroot/output/host/usr/include -L/home/ssbai/mini2440_buildroot/output/host/lib -L/home/ssbai/mini2440_buildroot/output/host/usr/lib -Wl,-rpath,/home/ssbai/mini2440_buildroot/output/host/usr/lib conftest.c  >&5
configure:4821: $? = 0
configure:4821: ./conftest
configure:4821: $? = 0
configure:4832: result: yes
configure:4845: checking for sys/types.h
configure:4845: /usr/bin/gcc -std=gnu99 -c -O2 -I/home/ssbai/mini2440_buildroot/output/host/usr/include -I/home/ssbai/mini2440_buildroot/output/host/usr/include conftest.c >&5
configure:4845: $? = 0
configure:4845: result: yes
configure:4845: checking for sys/stat.h
configure:4845: /usr/bin/gcc -std=gnu99 -c -O2 -I/home/ssbai/mini2440_buildroot/output/host/usr/include -I/home/ssbai/mini2440_buildroot/output/host/usr/include conftest.c >&5
configure:4845: $? = 0
configure:4845: result: yes
configure:4845: checking for stdlib.h
configure:4845: /usr/bin/gcc -std=gnu99 -c -O2 -I/home/ssbai/mini2440_buildroot/output/host/usr/include -I/home/ssbai/mini2440_buildroot/output/host/usr/include conftest.c >&5
configure:4845: $? = 0
configure:4845: result: yes
configure:4845: checking for string.h
configure:4845: /usr/bin/gcc -std=gnu99 -c -O2 -I/home/ssbai/mini2440_buildroot/output/host/usr/include -I/home/ssbai/mini2440_buildroot/output/host/usr/include conftest.c >&5
configure:4845: $? = 0
configure:4845: result: yes
configure:4845: checking for memory.h
configure:4845: /usr/bin/gcc -std=gnu99 -c -O2 -I/home/ssbai/mini2440_buildroot/output/host/usr/include -I/home/ssbai/mini2440_buildroot/output/host/usr/include conftest.c >&5
configure:4845: $? = 0
configure:4845: result: yes
configure:4845: checking for strings.h
configure:4845: /usr/bin/gcc -std=gnu99 -c -O2 -I/home/ssbai/mini2440_buildroot/output/host/usr/include -I/home/ssbai/mini2440_buildroot/output/host/usr/include conftest.c >&5
configure:4845: $? = 0
configure:4845: result: yes
configure:4845: checking for inttypes.h
configure:4845: /usr/bin/gcc -std=gnu99 -c -O2 -I/home/ssbai/mini2440_buildroot/output/host/usr/include -I/home/ssbai/mini2440_buildroot/output/host/usr/include conftest.c >&5
configure:4845: $? = 0
configure:4845: result: yes
configure:4845: checking for stdint.h
configure:4845: /usr/bin/gcc -std=gnu99 -c -O2 -I/home/ssbai/mini2440_buildroot/output/host/usr/include -I/home/ssbai/mini2440_buildroot/output/host/usr/include conftest.c >&5
configure:4845: $? = 0
configure:4845: result: yes
configure:4845: checking for unistd.h
configure:4845: /usr/bin/gcc -std=gnu99 -c -O2 -I/home/ssbai/mini2440_buildroot/output/host/usr/include -I/home/ssbai/mini2440_buildroot/output/host/usr/include conftest.c >&5
configure:4845: $? = 0
configure:4845: result: yes
configure:4858: checking minix/config.h usability
configure:4858: /usr/bin/gcc -std=gnu99 -c -O2 -I/home/ssbai/mini2440_buildroot/output/host/usr/include -I/home/ssbai/mini2440_buildroot/output/host/usr/include conftest.c >&5
conftest.c:54:26: fatal error: minix/config.h: No such file or directory
 #include <minix/config.h>
                          ^
compilation terminated.
configure:4858: $? = 1
configure: failed program was:
| /* confdefs.h */
| #define PACKAGE_NAME "kmod"
| #define PACKAGE_TARNAME "kmod"
| #define PACKAGE_VERSION "18"
| #define PACKAGE_STRING "kmod 18"
| #define PACKAGE_BUGREPORT "linux-modules@vger.kernel.org"
| #define PACKAGE_URL "http://git.kernel.org/?p=utils/kernel/kmod/kmod.git"
| #define PACKAGE "kmod"
| #define VERSION "18"
| #define STDC_HEADERS 1
| #define HAVE_SYS_TYPES_H 1
| #define HAVE_SYS_STAT_H 1
| #define HAVE_STDLIB_H 1
| #define HAVE_STRING_H 1
| #define HAVE_MEMORY_H 1
| #define HAVE_STRINGS_H 1
| #define HAVE_INTTYPES_H 1
| #define HAVE_STDINT_H 1
| #define HAVE_UNISTD_H 1
| /* end confdefs.h.  */
| #include <stdio.h>
| #ifdef HAVE_SYS_TYPES_H
| # include <sys/types.h>
| #endif
| #ifdef HAVE_SYS_STAT_H
| # include <sys/stat.h>
| #endif
| #ifdef STDC_HEADERS
| # include <stdlib.h>
| # include <stddef.h>
| #else
| # ifdef HAVE_STDLIB_H
| #  include <stdlib.h>
| # endif
| #endif
| #ifdef HAVE_STRING_H
| # if !defined STDC_HEADERS && defined HAVE_MEMORY_H
| #  include <memory.h>
| # endif
| # include <string.h>
| #endif
| #ifdef HAVE_STRINGS_H
| # include <strings.h>
| #endif
| #ifdef HAVE_INTTYPES_H
| # include <inttypes.h>
| #endif
| #ifdef HAVE_STDINT_H
| # include <stdint.h>
| #endif
| #ifdef HAVE_UNISTD_H
| # include <unistd.h>
| #endif
| #include <minix/config.h>
configure:4858: result: no
configure:4858: checking minix/config.h presence
configure:4858: /usr/bin/cpp -I/home/ssbai/mini2440_buildroot/output/host/usr/include conftest.c
conftest.c:21:26: fatal error: minix/config.h: No such file or directory
 #include <minix/config.h>
                          ^
compilation terminated.
configure:4858: $? = 1
configure: failed program was:
| /* confdefs.h */
| #define PACKAGE_NAME "kmod"
| #define PACKAGE_TARNAME "kmod"
| #define PACKAGE_VERSION "18"
| #define PACKAGE_STRING "kmod 18"
| #define PACKAGE_BUGREPORT "linux-modules@vger.kernel.org"
| #define PACKAGE_URL "http://git.kernel.org/?p=utils/kernel/kmod/kmod.git"
| #define PACKAGE "kmod"
| #define VERSION "18"
| #define STDC_HEADERS 1
| #define HAVE_SYS_TYPES_H 1
| #define HAVE_SYS_STAT_H 1
| #define HAVE_STDLIB_H 1
| #define HAVE_STRING_H 1
| #define HAVE_MEMORY_H 1
| #define HAVE_STRINGS_H 1
| #define HAVE_INTTYPES_H 1
| #define HAVE_STDINT_H 1
| #define HAVE_UNISTD_H 1
| /* end confdefs.h.  */
| #include <minix/config.h>
configure:4858: result: no
configure:4858: checking for minix/config.h
configure:4858: result: no
configure:4879: checking whether it is safe to define __EXTENSIONS__
configure:4897: /usr/bin/gcc -std=gnu99 -c -O2 -I/home/ssbai/mini2440_buildroot/output/host/usr/include -I/home/ssbai/mini2440_buildroot/output/host/usr/include conftest.c >&5
configure:4897: $? = 0
configure:4904: result: yes
configure:4925: checking for special C compiler options needed for large files
configure:4970: result: no
configure:4976: checking for _FILE_OFFSET_BITS value needed for large files
configure:5001: /usr/bin/gcc -std=gnu99 -c -O2 -I/home/ssbai/mini2440_buildroot/output/host/usr/include -I/home/ssbai/mini2440_buildroot/output/host/usr/include conftest.c >&5
configure:5001: $? = 0
configure:5033: result: no
configure:5131: checking whether make supports nested variables
configure:5148: result: yes
configure:5188: checking build system type
configure:5202: result: x86_64-unknown-linux-gnu
configure:5222: checking host system type
configure:5235: result: x86_64-unknown-linux-gnu
configure:5276: checking how to print strings
configure:5303: result: printf
configure:5324: checking for a sed that does not truncate output
configure:5388: result: /bin/sed
configure:5406: checking for fgrep
configure:5468: result: /bin/grep -F
configure:5503: checking for ld used by /usr/bin/gcc -std=gnu99
configure:5570: result: /usr/bin/ld
configure:5577: checking if the linker (/usr/bin/ld) is GNU ld
configure:5592: result: yes
configure:5604: checking for BSD- or MS-compatible name lister (nm)
configure:5653: result: /usr/bin/nm
configure:5783: checking the name lister (/usr/bin/nm) interface
configure:5790: /usr/bin/gcc -std=gnu99 -c -O2 -I/home/ssbai/mini2440_buildroot/output/host/usr/include -I/home/ssbai/mini2440_buildroot/output/host/usr/include conftest.c >&5
configure:5793: /usr/bin/nm "conftest.o"
configure:5796: output
0000000000000000 B some_variable
configure:5803: result: BSD nm
configure:5806: checking whether ln -s works
configure:5810: result: yes
configure:5818: checking the maximum length of command line arguments
configure:5948: result: 3458764513820540925
configure:5965: checking whether the shell understands some XSI constructs
configure:5975: result: yes
configure:5979: checking whether the shell understands "+="
configure:5985: result: yes
configure:6020: checking how to convert x86_64-unknown-linux-gnu file names to x86_64-unknown-linux-gnu format
configure:6060: result: func_convert_file_noop
configure:6067: checking how to convert x86_64-unknown-linux-gnu file names to toolchain format
configure:6087: result: func_convert_file_noop
configure:6094: checking for /usr/bin/ld option to reload object files
configure:6101: result: -r
configure:6175: checking for objdump
configure:6191: found /usr/bin/objdump
configure:6202: result: objdump
configure:6234: checking how to recognize dependent libraries
configure:6436: result: pass_all
configure:6521: checking for dlltool
configure:6551: result: no
configure:6581: checking how to associate runtime and link libraries
configure:6608: result: printf %s\n
configure:6732: checking for archiver @FILE support
configure:6749: /usr/bin/gcc -std=gnu99 -c -O2 -I/home/ssbai/mini2440_buildroot/output/host/usr/include -I/home/ssbai/mini2440_buildroot/output/host/usr/include conftest.c >&5
configure:6749: $? = 0
configure:6752: /usr/bin/ar cru libconftest.a @conftest.lst >&5
configure:6755: $? = 0
configure:6760: /usr/bin/ar cru libconftest.a @conftest.lst >&5
/usr/bin/ar: conftest.o: No such file or directory
configure:6763: $? = 1
configure:6775: result: @
configure:6833: checking for strip
configure:6849: found /usr/bin/strip
configure:6860: result: strip
configure:6932: checking for ranlib
configure:6959: result: /usr/bin/ranlib
configure:7061: checking command to parse /usr/bin/nm output from /usr/bin/gcc -std=gnu99 object
configure:7181: /usr/bin/gcc -std=gnu99 -c -O2 -I/home/ssbai/mini2440_buildroot/output/host/usr/include -I/home/ssbai/mini2440_buildroot/output/host/usr/include conftest.c >&5
configure:7184: $? = 0
configure:7188: /usr/bin/nm conftest.o \| sed -n -e 's/^.*[ ]\([ABCDGIRSTW][ABCDGIRSTW]*\)[ ][ ]*\([_A-Za-z][_A-Za-z0-9]*\)$/\1 \2 \2/p' | sed '/ __gnu_lto/d' \> conftest.nm
configure:7191: $? = 0
configure:7257: /usr/bin/gcc -std=gnu99 -o conftest -O2 -I/home/ssbai/mini2440_buildroot/output/host/usr/include -I/home/ssbai/mini2440_buildroot/output/host/usr/include -L/home/ssbai/mini2440_buildroot/output/host/lib -L/home/ssbai/mini2440_buildroot/output/host/usr/lib -Wl,-rpath,/home/ssbai/mini2440_buildroot/output/host/usr/lib conftest.c conftstm.o >&5
configure:7260: $? = 0
configure:7298: result: ok
configure:7335: checking for sysroot
configure:7365: result: no
configure:7478: /usr/bin/gcc -std=gnu99 -c -O2 -I/home/ssbai/mini2440_buildroot/output/host/usr/include -I/home/ssbai/mini2440_buildroot/output/host/usr/include conftest.c >&5
configure:7481: $? = 0
configure:7657: checking for mt
configure:7673: found /bin/mt
configure:7684: result: mt
configure:7707: checking if mt is a manifest tool
configure:7713: mt '-?'
configure:7721: result: no
configure:8360: checking for dlfcn.h
configure:8360: /usr/bin/gcc -std=gnu99 -c -O2 -I/home/ssbai/mini2440_buildroot/output/host/usr/include -I/home/ssbai/mini2440_buildroot/output/host/usr/include conftest.c >&5
configure:8360: $? = 0
configure:8360: result: yes
configure:8564: checking for objdir
configure:8579: result: .libs
configure:8846: checking if /usr/bin/gcc -std=gnu99 supports -fno-rtti -fno-exceptions
configure:8864: /usr/bin/gcc -std=gnu99 -c -O2 -I/home/ssbai/mini2440_buildroot/output/host/usr/include -I/home/ssbai/mini2440_buildroot/output/host/usr/include -fno-rtti -fno-exceptions conftest.c >&5
cc1: warning: command line option '-fno-rtti' is valid for C++/ObjC++ but not for C [enabled by default]
configure:8868: $? = 0
configure:8881: result: no
configure:9208: checking for /usr/bin/gcc -std=gnu99 option to produce PIC
configure:9215: result: -fPIC -DPIC
configure:9223: checking if /usr/bin/gcc -std=gnu99 PIC flag -fPIC -DPIC works
configure:9241: /usr/bin/gcc -std=gnu99 -c -O2 -I/home/ssbai/mini2440_buildroot/output/host/usr/include -I/home/ssbai/mini2440_buildroot/output/host/usr/include -fPIC -DPIC -DPIC conftest.c >&5
configure:9245: $? = 0
configure:9258: result: yes
configure:9287: checking if /usr/bin/gcc -std=gnu99 static flag -static works
configure:9315: result: yes
configure:9330: checking if /usr/bin/gcc -std=gnu99 supports -c -o file.o
configure:9351: /usr/bin/gcc -std=gnu99 -c -O2 -I/home/ssbai/mini2440_buildroot/output/host/usr/include -I/home/ssbai/mini2440_buildroot/output/host/usr/include -o out/conftest2.o conftest.c >&5
configure:9355: $? = 0
configure:9377: result: yes
configure:9385: checking if /usr/bin/gcc -std=gnu99 supports -c -o file.o
configure:9432: result: yes
configure:9465: checking whether the /usr/bin/gcc -std=gnu99 linker (/usr/bin/ld -m elf_x86_64) supports shared libraries
configure:10618: result: yes
configure:10655: checking whether -lc should be explicitly linked in
configure:10663: /usr/bin/gcc -std=gnu99 -c -O2 -I/home/ssbai/mini2440_buildroot/output/host/usr/include -I/home/ssbai/mini2440_buildroot/output/host/usr/include conftest.c >&5
configure:10666: $? = 0
configure:10681: /usr/bin/gcc -std=gnu99 -shared  -fPIC -DPIC conftest.o  -v -Wl,-soname -Wl,conftest -o conftest 2\>\&1 \| /bin/grep  -lc  \>/dev/null 2\>\&1
configure:10684: $? = 0
configure:10698: result: no
configure:10858: checking dynamic linker characteristics
configure:11369: /usr/bin/gcc -std=gnu99 -o conftest -O2 -I/home/ssbai/mini2440_buildroot/output/host/usr/include -I/home/ssbai/mini2440_buildroot/output/host/usr/include -L/home/ssbai/mini2440_buildroot/output/host/lib -L/home/ssbai/mini2440_buildroot/output/host/usr/lib -Wl,-rpath,/home/ssbai/mini2440_buildroot/output/host/usr/lib -Wl,-rpath -Wl,/foo conftest.c  >&5
configure:11369: $? = 0
configure:11591: result: GNU/Linux ld.so
configure:11698: checking how to hardcode library paths into programs
configure:11723: result: immediate
configure:12263: checking whether stripping libraries is possible
configure:12268: result: yes
configure:12303: checking if libtool supports shared libraries
configure:12305: result: yes
configure:12308: checking whether to build shared libraries
configure:12329: result: yes
configure:12332: checking whether to build static libraries
configure:12336: result: no
configure:12375: checking whether to enable maintainer-specific portions of Makefiles
configure:12384: result: yes
configure:12455: checking for gcc
configure:12482: result: /usr/bin/gcc
configure:12711: checking for C compiler version
configure:12720: /usr/bin/gcc --version >&5
gcc (Ubuntu 4.8.2-19ubuntu1) 4.8.2
Copyright (C) 2013 Free Software Foundation, Inc.
This is free software; see the source for copying conditions.  There is NO
warranty; not even for MERCHANTABILITY or FITNESS FOR A PARTICULAR PURPOSE.

configure:12731: $? = 0
configure:12720: /usr/bin/gcc -v >&5
Using built-in specs.
COLLECT_GCC=/usr/bin/gcc
COLLECT_LTO_WRAPPER=/usr/lib/gcc/x86_64-linux-gnu/4.8/lto-wrapper
Target: x86_64-linux-gnu
Configured with: ../src/configure -v --with-pkgversion='Ubuntu 4.8.2-19ubuntu1' --with-bugurl=file:///usr/share/doc/gcc-4.8/README.Bugs --enable-languages=c,c++,java,go,d,fortran,objc,obj-c++ --prefix=/usr --program-suffix=-4.8 --enable-shared --enable-linker-build-id --libexecdir=/usr/lib --without-included-gettext --enable-threads=posix --with-gxx-include-dir=/usr/include/c++/4.8 --libdir=/usr/lib --enable-nls --with-sysroot=/ --enable-clocale=gnu --enable-libstdcxx-debug --enable-libstdcxx-time=yes --enable-gnu-unique-object --disable-libmudflap --enable-plugin --with-system-zlib --disable-browser-plugin --enable-java-awt=gtk --enable-gtk-cairo --with-java-home=/usr/lib/jvm/java-1.5.0-gcj-4.8-amd64/jre --enable-java-home --with-jvm-root-dir=/usr/lib/jvm/java-1.5.0-gcj-4.8-amd64 --with-jvm-jar-dir=/usr/lib/jvm-exports/java-1.5.0-gcj-4.8-amd64 --with-arch-directory=amd64 --with-ecj-jar=/usr/share/java/eclipse-ecj.jar --enable-objc-gc --enable-multiarch --disable-werror --with-arch-32=i686 --with-abi=m64 --with-multilib-list=m32,m64,mx32 --with-tune=generic --enable-checking=release --build=x86_64-linux-gnu --host=x86_64-linux-gnu --target=x86_64-linux-gnu
Thread model: posix
gcc version 4.8.2 (Ubuntu 4.8.2-19ubuntu1) 
configure:12731: $? = 0
configure:12720: /usr/bin/gcc -V >&5
gcc: error: unrecognized command line option '-V'
gcc: fatal error: no input files
compilation terminated.
configure:12731: $? = 4
configure:12720: /usr/bin/gcc -qversion >&5
gcc: error: unrecognized command line option '-qversion'
gcc: fatal error: no input files
compilation terminated.
configure:12731: $? = 4
configure:12735: checking whether we are using the GNU C compiler
configure:12763: result: yes
configure:12772: checking whether /usr/bin/gcc accepts -g
configure:12833: result: yes
configure:12850: checking for /usr/bin/gcc option to accept ISO C89
configure:12926: result: none needed
configure:12951: checking whether /usr/bin/gcc understands -c and -o together
configure:12988: result: yes
configure:13007: checking dependency style of /usr/bin/gcc
configure:13118: result: none
configure:13133: checking for /usr/bin/gcc option to accept ISO C99
configure:13302: result: -std=gnu99
configure:13312: checking whether /usr/bin/gcc -std=gnu99 needs -traditional
configure:13346: result: no
configure:13353: checking whether byte ordering is bigendian
configure:13368: /usr/bin/gcc -std=gnu99 -c -O2 -I/home/ssbai/mini2440_buildroot/output/host/usr/include -I/home/ssbai/mini2440_buildroot/output/host/usr/include conftest.c >&5
conftest.c:29:9: error: unknown type name 'not'
         not a universal capable compiler
         ^
conftest.c:29:15: error: expected '=', ',', ';', 'asm' or '__attribute__' before 'universal'
         not a universal capable compiler
               ^
conftest.c:29:15: error: unknown type name 'universal'
configure:13368: $? = 1
configure: failed program was:
| /* confdefs.h */
| #define PACKAGE_NAME "kmod"
| #define PACKAGE_TARNAME "kmod"
| #define PACKAGE_VERSION "18"
| #define PACKAGE_STRING "kmod 18"
| #define PACKAGE_BUGREPORT "linux-modules@vger.kernel.org"
| #define PACKAGE_URL "http://git.kernel.org/?p=utils/kernel/kmod/kmod.git"
| #define PACKAGE "kmod"
| #define VERSION "18"
| #define STDC_HEADERS 1
| #define HAVE_SYS_TYPES_H 1
| #define HAVE_SYS_STAT_H 1
| #define HAVE_STDLIB_H 1
| #define HAVE_STRING_H 1
| #define HAVE_MEMORY_H 1
| #define HAVE_STRINGS_H 1
| #define HAVE_INTTYPES_H 1
| #define HAVE_STDINT_H 1
| #define HAVE_UNISTD_H 1
| #define __EXTENSIONS__ 1
| #define _ALL_SOURCE 1
| #define _GNU_SOURCE 1
| #define _POSIX_PTHREAD_SEMANTICS 1
| #define _TANDEM_SOURCE 1
| #define HAVE_DLFCN_H 1
| #define LT_OBJDIR ".libs/"
| /* end confdefs.h.  */
| #ifndef __APPLE_CC__
| 	       not a universal capable compiler
| 	     #endif
| 	     typedef int dummy;
| 
configure:13413: /usr/bin/gcc -std=gnu99 -c -O2 -I/home/ssbai/mini2440_buildroot/output/host/usr/include -I/home/ssbai/mini2440_buildroot/output/host/usr/include conftest.c >&5
configure:13413: $? = 0
configure:13431: /usr/bin/gcc -std=gnu99 -c -O2 -I/home/ssbai/mini2440_buildroot/output/host/usr/include -I/home/ssbai/mini2440_buildroot/output/host/usr/include conftest.c >&5
conftest.c: In function 'main':
conftest.c:35:4: error: unknown type name 'not'
    not big endian
    ^
conftest.c:35:12: error: expected '=', ',', ';', 'asm' or '__attribute__' before 'endian'
    not big endian
            ^
configure:13431: $? = 1
configure: failed program was:
| /* confdefs.h */
| #define PACKAGE_NAME "kmod"
| #define PACKAGE_TARNAME "kmod"
| #define PACKAGE_VERSION "18"
| #define PACKAGE_STRING "kmod 18"
| #define PACKAGE_BUGREPORT "linux-modules@vger.kernel.org"
| #define PACKAGE_URL "http://git.kernel.org/?p=utils/kernel/kmod/kmod.git"
| #define PACKAGE "kmod"
| #define VERSION "18"
| #define STDC_HEADERS 1
| #define HAVE_SYS_TYPES_H 1
| #define HAVE_SYS_STAT_H 1
| #define HAVE_STDLIB_H 1
| #define HAVE_STRING_H 1
| #define HAVE_MEMORY_H 1
| #define HAVE_STRINGS_H 1
| #define HAVE_INTTYPES_H 1
| #define HAVE_STDINT_H 1
| #define HAVE_UNISTD_H 1
| #define __EXTENSIONS__ 1
| #define _ALL_SOURCE 1
| #define _GNU_SOURCE 1
| #define _POSIX_PTHREAD_SEMANTICS 1
| #define _TANDEM_SOURCE 1
| #define HAVE_DLFCN_H 1
| #define LT_OBJDIR ".libs/"
| /* end confdefs.h.  */
| #include <sys/types.h>
| 		#include <sys/param.h>
| 
| int
| main ()
| {
| #if BYTE_ORDER != BIG_ENDIAN
| 		 not big endian
| 		#endif
| 
|   ;
|   return 0;
| }
configure:13559: result: no
configure:13578: checking for a sed that does not truncate output
configure:13642: result: /bin/sed
configure:13757: checking pkg-config is at least version 0.9.0
configure:13760: result: yes
configure:13770: checking for xsltproc
configure:13803: result: no
configure:13820: checking for __xstat
configure:13820: /usr/bin/gcc -std=gnu99 -o conftest -O2 -I/home/ssbai/mini2440_buildroot/output/host/usr/include -I/home/ssbai/mini2440_buildroot/output/host/usr/include -L/home/ssbai/mini2440_buildroot/output/host/lib -L/home/ssbai/mini2440_buildroot/output/host/usr/lib -Wl,-rpath,/home/ssbai/mini2440_buildroot/output/host/usr/lib conftest.c  >&5
configure:13820: $? = 0
configure:13820: result: yes
configure:13820: checking for __secure_getenv
configure:13820: /usr/bin/gcc -std=gnu99 -o conftest -O2 -I/home/ssbai/mini2440_buildroot/output/host/usr/include -I/home/ssbai/mini2440_buildroot/output/host/usr/include -L/home/ssbai/mini2440_buildroot/output/host/lib -L/home/ssbai/mini2440_buildroot/output/host/usr/lib -Wl,-rpath,/home/ssbai/mini2440_buildroot/output/host/usr/lib conftest.c  >&5
/tmp/ccMXJMcM.o: In function `main':
conftest.c:(.text.startup+0x7): undefined reference to `__secure_getenv'
collect2: error: ld returned 1 exit status
configure:13820: $? = 1
configure: failed program was:
| /* confdefs.h */
| #define PACKAGE_NAME "kmod"
| #define PACKAGE_TARNAME "kmod"
| #define PACKAGE_VERSION "18"
| #define PACKAGE_STRING "kmod 18"
| #define PACKAGE_BUGREPORT "linux-modules@vger.kernel.org"
| #define PACKAGE_URL "http://git.kernel.org/?p=utils/kernel/kmod/kmod.git"
| #define PACKAGE "kmod"
| #define VERSION "18"
| #define STDC_HEADERS 1
| #define HAVE_SYS_TYPES_H 1
| #define HAVE_SYS_STAT_H 1
| #define HAVE_STDLIB_H 1
| #define HAVE_STRING_H 1
| #define HAVE_MEMORY_H 1
| #define HAVE_STRINGS_H 1
| #define HAVE_INTTYPES_H 1
| #define HAVE_STDINT_H 1
| #define HAVE_UNISTD_H 1
| #define __EXTENSIONS__ 1
| #define _ALL_SOURCE 1
| #define _GNU_SOURCE 1
| #define _POSIX_PTHREAD_SEMANTICS 1
| #define _TANDEM_SOURCE 1
| #define HAVE_DLFCN_H 1
| #define LT_OBJDIR ".libs/"
| #define HAVE___XSTAT 1
| /* end confdefs.h.  */
| /* Define __secure_getenv to an innocuous variant, in case <limits.h> declares __secure_getenv.
|    For example, HP-UX 11i <limits.h> declares gettimeofday.  */
| #define __secure_getenv innocuous___secure_getenv
| 
| /* System header to define __stub macros and hopefully few prototypes,
|     which can conflict with char __secure_getenv (); below.
|     Prefer <limits.h> to <assert.h> if __STDC__ is defined, since
|     <limits.h> exists even on freestanding compilers.  */
| 
| #ifdef __STDC__
| # include <limits.h>
| #else
| # include <assert.h>
| #endif
| 
| #undef __secure_getenv
| 
| /* Override any GCC internal prototype to avoid an error.
|    Use char because int might match the return type of a GCC
|    builtin and then its argument prototype would still apply.  */
| #ifdef __cplusplus
| extern "C"
| #endif
| char __secure_getenv ();
| /* The GNU C library defines this for functions which it implements
|     to always fail with ENOSYS.  Some functions are actually named
|     something starting with __ and the normal name is an alias.  */
| #if defined __stub___secure_getenv || defined __stub_____secure_getenv
| choke me
| #endif
| 
| int
| main ()
| {
| return __secure_getenv ();
|   ;
|   return 0;
| }
configure:13820: result: no
configure:13820: checking for secure_getenv
configure:13820: /usr/bin/gcc -std=gnu99 -o conftest -O2 -I/home/ssbai/mini2440_buildroot/output/host/usr/include -I/home/ssbai/mini2440_buildroot/output/host/usr/include -L/home/ssbai/mini2440_buildroot/output/host/lib -L/home/ssbai/mini2440_buildroot/output/host/usr/lib -Wl,-rpath,/home/ssbai/mini2440_buildroot/output/host/usr/lib conftest.c  >&5
configure:13820: $? = 0
configure:13820: result: yes
configure:13820: checking for finit_module
configure:13820: /usr/bin/gcc -std=gnu99 -o conftest -O2 -I/home/ssbai/mini2440_buildroot/output/host/usr/include -I/home/ssbai/mini2440_buildroot/output/host/usr/include -L/home/ssbai/mini2440_buildroot/output/host/lib -L/home/ssbai/mini2440_buildroot/output/host/usr/lib -Wl,-rpath,/home/ssbai/mini2440_buildroot/output/host/usr/lib conftest.c  >&5
/tmp/cc1X7guT.o: In function `main':
conftest.c:(.text.startup+0x7): undefined reference to `finit_module'
collect2: error: ld returned 1 exit status
configure:13820: $? = 1
configure: failed program was:
| /* confdefs.h */
| #define PACKAGE_NAME "kmod"
| #define PACKAGE_TARNAME "kmod"
| #define PACKAGE_VERSION "18"
| #define PACKAGE_STRING "kmod 18"
| #define PACKAGE_BUGREPORT "linux-modules@vger.kernel.org"
| #define PACKAGE_URL "http://git.kernel.org/?p=utils/kernel/kmod/kmod.git"
| #define PACKAGE "kmod"
| #define VERSION "18"
| #define STDC_HEADERS 1
| #define HAVE_SYS_TYPES_H 1
| #define HAVE_SYS_STAT_H 1
| #define HAVE_STDLIB_H 1
| #define HAVE_STRING_H 1
| #define HAVE_MEMORY_H 1
| #define HAVE_STRINGS_H 1
| #define HAVE_INTTYPES_H 1
| #define HAVE_STDINT_H 1
| #define HAVE_UNISTD_H 1
| #define __EXTENSIONS__ 1
| #define _ALL_SOURCE 1
| #define _GNU_SOURCE 1
| #define _POSIX_PTHREAD_SEMANTICS 1
| #define _TANDEM_SOURCE 1
| #define HAVE_DLFCN_H 1
| #define LT_OBJDIR ".libs/"
| #define HAVE___XSTAT 1
| #define HAVE_SECURE_GETENV 1
| /* end confdefs.h.  */
| /* Define finit_module to an innocuous variant, in case <limits.h> declares finit_module.
|    For example, HP-UX 11i <limits.h> declares gettimeofday.  */
| #define finit_module innocuous_finit_module
| 
| /* System header to define __stub macros and hopefully few prototypes,
|     which can conflict with char finit_module (); below.
|     Prefer <limits.h> to <assert.h> if __STDC__ is defined, since
|     <limits.h> exists even on freestanding compilers.  */
| 
| #ifdef __STDC__
| # include <limits.h>
| #else
| # include <assert.h>
| #endif
| 
| #undef finit_module
| 
| /* Override any GCC internal prototype to avoid an error.
|    Use char because int might match the return type of a GCC
|    builtin and then its argument prototype would still apply.  */
| #ifdef __cplusplus
| extern "C"
| #endif
| char finit_module ();
| /* The GNU C library defines this for functions which it implements
|     to always fail with ENOSYS.  Some functions are actually named
|     something starting with __ and the normal name is an alias.  */
| #if defined __stub_finit_module || defined __stub___finit_module
| choke me
| #endif
| 
| int
| main ()
| {
| return finit_module ();
|   ;
|   return 0;
| }
configure:13820: result: no
configure:13842: checking for struct stat.st_mtim
configure:13842: /usr/bin/gcc -std=gnu99 -c -O2 -I/home/ssbai/mini2440_buildroot/output/host/usr/include -I/home/ssbai/mini2440_buildroot/output/host/usr/include conftest.c >&5
conftest.c: In function 'main':
conftest.c:36:5: error: used struct type value where scalar is required
 if (ac_aggr.st_mtim)
     ^
configure:13842: $? = 1
configure: failed program was:
| /* confdefs.h */
| #define PACKAGE_NAME "kmod"
| #define PACKAGE_TARNAME "kmod"
| #define PACKAGE_VERSION "18"
| #define PACKAGE_STRING "kmod 18"
| #define PACKAGE_BUGREPORT "linux-modules@vger.kernel.org"
| #define PACKAGE_URL "http://git.kernel.org/?p=utils/kernel/kmod/kmod.git"
| #define PACKAGE "kmod"
| #define VERSION "18"
| #define STDC_HEADERS 1
| #define HAVE_SYS_TYPES_H 1
| #define HAVE_SYS_STAT_H 1
| #define HAVE_STDLIB_H 1
| #define HAVE_STRING_H 1
| #define HAVE_MEMORY_H 1
| #define HAVE_STRINGS_H 1
| #define HAVE_INTTYPES_H 1
| #define HAVE_STDINT_H 1
| #define HAVE_UNISTD_H 1
| #define __EXTENSIONS__ 1
| #define _ALL_SOURCE 1
| #define _GNU_SOURCE 1
| #define _POSIX_PTHREAD_SEMANTICS 1
| #define _TANDEM_SOURCE 1
| #define HAVE_DLFCN_H 1
| #define LT_OBJDIR ".libs/"
| #define HAVE___XSTAT 1
| #define HAVE_SECURE_GETENV 1
| /* end confdefs.h.  */
| #include <sys/stat.h>
| 
| int
| main ()
| {
| static struct stat ac_aggr;
| if (ac_aggr.st_mtim)
| return 0;
|   ;
|   return 0;
| }
configure:13842: /usr/bin/gcc -std=gnu99 -c -O2 -I/home/ssbai/mini2440_buildroot/output/host/usr/include -I/home/ssbai/mini2440_buildroot/output/host/usr/include conftest.c >&5
configure:13842: $? = 0
configure:13842: result: yes
configure:13855: checking whether strndupa is declared
configure:13855: /usr/bin/gcc -std=gnu99 -c -O2 -I/home/ssbai/mini2440_buildroot/output/host/usr/include -I/home/ssbai/mini2440_buildroot/output/host/usr/include conftest.c >&5
configure:13855: $? = 0
configure:13855: result: yes
configure:13869: checking whether be32toh is declared
configure:13869: /usr/bin/gcc -std=gnu99 -c -O2 -I/home/ssbai/mini2440_buildroot/output/host/usr/include -I/home/ssbai/mini2440_buildroot/output/host/usr/include conftest.c >&5
configure:13869: $? = 0
configure:13869: result: yes
configure:13889: checking for linux/module.h
configure:13889: /usr/bin/gcc -std=gnu99 -c -O2 -I/home/ssbai/mini2440_buildroot/output/host/usr/include -I/home/ssbai/mini2440_buildroot/output/host/usr/include conftest.c >&5
conftest.c:67:26: fatal error: linux/module.h: No such file or directory
 #include <linux/module.h>
                          ^
compilation terminated.
configure:13889: $? = 1
configure: failed program was:
| /* confdefs.h */
| #define PACKAGE_NAME "kmod"
| #define PACKAGE_TARNAME "kmod"
| #define PACKAGE_VERSION "18"
| #define PACKAGE_STRING "kmod 18"
| #define PACKAGE_BUGREPORT "linux-modules@vger.kernel.org"
| #define PACKAGE_URL "http://git.kernel.org/?p=utils/kernel/kmod/kmod.git"
| #define PACKAGE "kmod"
| #define VERSION "18"
| #define STDC_HEADERS 1
| #define HAVE_SYS_TYPES_H 1
| #define HAVE_SYS_STAT_H 1
| #define HAVE_STDLIB_H 1
| #define HAVE_STRING_H 1
| #define HAVE_MEMORY_H 1
| #define HAVE_STRINGS_H 1
| #define HAVE_INTTYPES_H 1
| #define HAVE_STDINT_H 1
| #define HAVE_UNISTD_H 1
| #define __EXTENSIONS__ 1
| #define _ALL_SOURCE 1
| #define _GNU_SOURCE 1
| #define _POSIX_PTHREAD_SEMANTICS 1
| #define _TANDEM_SOURCE 1
| #define HAVE_DLFCN_H 1
| #define LT_OBJDIR ".libs/"
| #define HAVE___XSTAT 1
| #define HAVE_SECURE_GETENV 1
| #define HAVE_STRUCT_STAT_ST_MTIM 1
| #define HAVE_DECL_STRNDUPA 1
| #define HAVE_DECL_BE32TOH 1
| /* end confdefs.h.  */
| #include <stdio.h>
| #ifdef HAVE_SYS_TYPES_H
| # include <sys/types.h>
| #endif
| #ifdef HAVE_SYS_STAT_H
| # include <sys/stat.h>
| #endif
| #ifdef STDC_HEADERS
| # include <stdlib.h>
| # include <stddef.h>
| #else
| # ifdef HAVE_STDLIB_H
| #  include <stdlib.h>
| # endif
| #endif
| #ifdef HAVE_STRING_H
| # if !defined STDC_HEADERS && defined HAVE_MEMORY_H
| #  include <memory.h>
| # endif
| # include <string.h>
| #endif
| #ifdef HAVE_STRINGS_H
| # include <strings.h>
| #endif
| #ifdef HAVE_INTTYPES_H
| # include <inttypes.h>
| #endif
| #ifdef HAVE_STDINT_H
| # include <stdint.h>
| #endif
| #ifdef HAVE_UNISTD_H
| # include <unistd.h>
| #endif
| 
| #include <linux/module.h>
configure:13889: result: no
configure:13904: checking whether _Static_assert() is supported
configure:13910: /usr/bin/gcc -std=gnu99 -c -O2 -I/home/ssbai/mini2440_buildroot/output/host/usr/include -I/home/ssbai/mini2440_buildroot/output/host/usr/include conftest.c >&5
configure:13910: $? = 0
configure:13914: result: yes
configure:14044: Xz support not requested
configure:14156: zlib support not requested
configure:14735: checking for gtk-doc
configure:14738: $PKG_CONFIG --exists --print-errors "$gtk_doc_requires"
Package gtk-doc was not found in the pkg-config search path.
Perhaps you should add the directory containing `gtk-doc.pc'
to the PKG_CONFIG_PATH environment variable
No package 'gtk-doc' found
configure:14741: $? = 1
configure:14747: result: no
configure:14753: WARNING:
  You will not be able to create source packages with 'make dist'
  because gtk-doc >= 1.14 is not found.
configure:14761: checking for gtkdoc-check
configure:14791: result: no
configure:14798: checking for gtkdoc-check
configure:14831: result: no
configure:14840: checking for gtkdoc-rebase
configure:14873: result: no
configure:14884: checking for gtkdoc-mkpdf
configure:14917: result: no
configure:14942: checking whether to build gtk-doc documentation
configure:14944: result: no
configure:14957: checking for GTKDOC_DEPS
configure:14964: $PKG_CONFIG --exists --print-errors "glib-2.0 >= 2.10.0 gobject-2.0  >= 2.10.0"
Package glib-2.0 was not found in the pkg-config search path.
Perhaps you should add the directory containing `glib-2.0.pc'
to the PKG_CONFIG_PATH environment variable
No package 'glib-2.0' found
configure:14967: $? = 1
configure:14981: $PKG_CONFIG --exists --print-errors "glib-2.0 >= 2.10.0 gobject-2.0  >= 2.10.0"
Package glib-2.0 was not found in the pkg-config search path.
Perhaps you should add the directory containing `glib-2.0.pc'
to the PKG_CONFIG_PATH environment variable
No package 'glib-2.0' found
configure:14984: $? = 1
configure:14998: result: no
Package glib-2.0 was not found in the pkg-config search path.
Perhaps you should add the directory containing `glib-2.0.pc'
to the PKG_CONFIG_PATH environment variable
No package 'glib-2.0' found
configure:15154: checking if /usr/bin/gcc -std=gnu99 supports flag -pipe in envvar CFLAGS
configure:15165: /usr/bin/gcc -std=gnu99 -c -Werror -pipe -I/home/ssbai/mini2440_buildroot/output/host/usr/include conftest.c >&5
configure:15165: $? = 0
configure:15174: result: yes
configure:15154: checking if /usr/bin/gcc -std=gnu99 supports flag -DANOTHER_BRICK_IN_THE in envvar CFLAGS
configure:15165: /usr/bin/gcc -std=gnu99 -c -Werror -DANOTHER_BRICK_IN_THE -I/home/ssbai/mini2440_buildroot/output/host/usr/include conftest.c >&5
configure:15165: $? = 0
configure:15174: result: yes
configure:15154: checking if /usr/bin/gcc -std=gnu99 supports flag -Wall in envvar CFLAGS
configure:15165: /usr/bin/gcc -std=gnu99 -c -Werror -Wall -I/home/ssbai/mini2440_buildroot/output/host/usr/include conftest.c >&5
configure:15165: $? = 0
configure:15174: result: yes
configure:15154: checking if /usr/bin/gcc -std=gnu99 supports flag -W in envvar CFLAGS
configure:15165: /usr/bin/gcc -std=gnu99 -c -Werror -W -I/home/ssbai/mini2440_buildroot/output/host/usr/include conftest.c >&5
configure:15165: $? = 0
configure:15174: result: yes
configure:15154: checking if /usr/bin/gcc -std=gnu99 supports flag -Wextra in envvar CFLAGS
configure:15165: /usr/bin/gcc -std=gnu99 -c -Werror -Wextra -I/home/ssbai/mini2440_buildroot/output/host/usr/include conftest.c >&5
configure:15165: $? = 0
configure:15174: result: yes
configure:15154: checking if /usr/bin/gcc -std=gnu99 supports flag -Wno-inline in envvar CFLAGS
configure:15165: /usr/bin/gcc -std=gnu99 -c -Werror -Wno-inline -I/home/ssbai/mini2440_buildroot/output/host/usr/include conftest.c >&5
configure:15165: $? = 0
configure:15174: result: yes
configure:15154: checking if /usr/bin/gcc -std=gnu99 supports flag -Wvla in envvar CFLAGS
configure:15165: /usr/bin/gcc -std=gnu99 -c -Werror -Wvla -I/home/ssbai/mini2440_buildroot/output/host/usr/include conftest.c >&5
configure:15165: $? = 0
configure:15174: result: yes
configure:15154: checking if /usr/bin/gcc -std=gnu99 supports flag -Wundef in envvar CFLAGS
configure:15165: /usr/bin/gcc -std=gnu99 -c -Werror -Wundef -I/home/ssbai/mini2440_buildroot/output/host/usr/include conftest.c >&5
configure:15165: $? = 0
configure:15174: result: yes
configure:15154: checking if /usr/bin/gcc -std=gnu99 supports flag -Wformat=2 in envvar CFLAGS
configure:15165: /usr/bin/gcc -std=gnu99 -c -Werror -Wformat=2 -I/home/ssbai/mini2440_buildroot/output/host/usr/include conftest.c >&5
configure:15165: $? = 0
configure:15174: result: yes
configure:15154: checking if /usr/bin/gcc -std=gnu99 supports flag -Wlogical-op in envvar CFLAGS
configure:15165: /usr/bin/gcc -std=gnu99 -c -Werror -Wlogical-op -I/home/ssbai/mini2440_buildroot/output/host/usr/include conftest.c >&5
configure:15165: $? = 0
configure:15174: result: yes
configure:15154: checking if /usr/bin/gcc -std=gnu99 supports flag -Wsign-compare in envvar CFLAGS
configure:15165: /usr/bin/gcc -std=gnu99 -c -Werror -Wsign-compare -I/home/ssbai/mini2440_buildroot/output/host/usr/include conftest.c >&5
configure:15165: $? = 0
configure:15174: result: yes
configure:15154: checking if /usr/bin/gcc -std=gnu99 supports flag -Wformat-security in envvar CFLAGS
configure:15165: /usr/bin/gcc -std=gnu99 -c -Werror -Wformat-security -I/home/ssbai/mini2440_buildroot/output/host/usr/include conftest.c >&5
configure:15165: $? = 0
configure:15174: result: yes
configure:15154: checking if /usr/bin/gcc -std=gnu99 supports flag -Wmissing-include-dirs in envvar CFLAGS
configure:15165: /usr/bin/gcc -std=gnu99 -c -Werror -Wmissing-include-dirs -I/home/ssbai/mini2440_buildroot/output/host/usr/include conftest.c >&5
configure:15165: $? = 0
configure:15174: result: yes
configure:15154: checking if /usr/bin/gcc -std=gnu99 supports flag -Wformat-nonliteral in envvar CFLAGS
configure:15165: /usr/bin/gcc -std=gnu99 -c -Werror -Wformat-nonliteral -I/home/ssbai/mini2440_buildroot/output/host/usr/include conftest.c >&5
configure:15165: $? = 0
configure:15174: result: yes
configure:15154: checking if /usr/bin/gcc -std=gnu99 supports flag -Wold-style-definition in envvar CFLAGS
configure:15165: /usr/bin/gcc -std=gnu99 -c -Werror -Wold-style-definition -I/home/ssbai/mini2440_buildroot/output/host/usr/include conftest.c >&5
configure:15165: $? = 0
configure:15174: result: yes
configure:15154: checking if /usr/bin/gcc -std=gnu99 supports flag -Wpointer-arith in envvar CFLAGS
configure:15165: /usr/bin/gcc -std=gnu99 -c -Werror -Wpointer-arith -I/home/ssbai/mini2440_buildroot/output/host/usr/include conftest.c >&5
configure:15165: $? = 0
configure:15174: result: yes
configure:15154: checking if /usr/bin/gcc -std=gnu99 supports flag -Winit-self in envvar CFLAGS
configure:15165: /usr/bin/gcc -std=gnu99 -c -Werror -Winit-self -I/home/ssbai/mini2440_buildroot/output/host/usr/include conftest.c >&5
configure:15165: $? = 0
configure:15174: result: yes
configure:15154: checking if /usr/bin/gcc -std=gnu99 supports flag -Wdeclaration-after-statement in envvar CFLAGS
configure:15165: /usr/bin/gcc -std=gnu99 -c -Werror -Wdeclaration-after-statement -I/home/ssbai/mini2440_buildroot/output/host/usr/include conftest.c >&5
configure:15165: $? = 0
configure:15174: result: yes
configure:15154: checking if /usr/bin/gcc -std=gnu99 supports flag -Wfloat-equal in envvar CFLAGS
configure:15165: /usr/bin/gcc -std=gnu99 -c -Werror -Wfloat-equal -I/home/ssbai/mini2440_buildroot/output/host/usr/include conftest.c >&5
configure:15165: $? = 0
configure:15174: result: yes
configure:15154: checking if /usr/bin/gcc -std=gnu99 supports flag -Wmissing-prototypes in envvar CFLAGS
configure:15165: /usr/bin/gcc -std=gnu99 -c -Werror -Wmissing-prototypes -I/home/ssbai/mini2440_buildroot/output/host/usr/include conftest.c >&5
configure:15165: $? = 0
configure:15174: result: yes
configure:15154: checking if /usr/bin/gcc -std=gnu99 supports flag -Wstrict-prototypes in envvar CFLAGS
configure:15165: /usr/bin/gcc -std=gnu99 -c -Werror -Wstrict-prototypes -I/home/ssbai/mini2440_buildroot/output/host/usr/include conftest.c >&5
configure:15165: $? = 0
configure:15174: result: yes
configure:15154: checking if /usr/bin/gcc -std=gnu99 supports flag -Wredundant-decls in envvar CFLAGS
configure:15165: /usr/bin/gcc -std=gnu99 -c -Werror -Wredundant-decls -I/home/ssbai/mini2440_buildroot/output/host/usr/include conftest.c >&5
configure:15165: $? = 0
configure:15174: result: yes
configure:15154: checking if /usr/bin/gcc -std=gnu99 supports flag -Wmissing-declarations in envvar CFLAGS
configure:15165: /usr/bin/gcc -std=gnu99 -c -Werror -Wmissing-declarations -I/home/ssbai/mini2440_buildroot/output/host/usr/include conftest.c >&5
configure:15165: $? = 0
configure:15174: result: yes
configure:15154: checking if /usr/bin/gcc -std=gnu99 supports flag -Wmissing-noreturn in envvar CFLAGS
configure:15165: /usr/bin/gcc -std=gnu99 -c -Werror -Wmissing-noreturn -I/home/ssbai/mini2440_buildroot/output/host/usr/include conftest.c >&5
configure:15165: $? = 0
configure:15174: result: yes
configure:15154: checking if /usr/bin/gcc -std=gnu99 supports flag -Wshadow in envvar CFLAGS
configure:15165: /usr/bin/gcc -std=gnu99 -c -Werror -Wshadow -I/home/ssbai/mini2440_buildroot/output/host/usr/include conftest.c >&5
configure:15165: $? = 0
configure:15174: result: yes
configure:15154: checking if /usr/bin/gcc -std=gnu99 supports flag -Wendif-labels in envvar CFLAGS
configure:15165: /usr/bin/gcc -std=gnu99 -c -Werror -Wendif-labels -I/home/ssbai/mini2440_buildroot/output/host/usr/include conftest.c >&5
configure:15165: $? = 0
configure:15174: result: yes
configure:15154: checking if /usr/bin/gcc -std=gnu99 supports flag -Wstrict-aliasing=3 in envvar CFLAGS
configure:15165: /usr/bin/gcc -std=gnu99 -c -Werror -Wstrict-aliasing=3 -I/home/ssbai/mini2440_buildroot/output/host/usr/include conftest.c >&5
configure:15165: $? = 0
configure:15174: result: yes
configure:15154: checking if /usr/bin/gcc -std=gnu99 supports flag -Wwrite-strings in envvar CFLAGS
configure:15165: /usr/bin/gcc -std=gnu99 -c -Werror -Wwrite-strings -I/home/ssbai/mini2440_buildroot/output/host/usr/include conftest.c >&5
configure:15165: $? = 0
configure:15174: result: yes
configure:15154: checking if /usr/bin/gcc -std=gnu99 supports flag -Wno-long-long in envvar CFLAGS
configure:15165: /usr/bin/gcc -std=gnu99 -c -Werror -Wno-long-long -I/home/ssbai/mini2440_buildroot/output/host/usr/include conftest.c >&5
configure:15165: $? = 0
configure:15174: result: yes
configure:15154: checking if /usr/bin/gcc -std=gnu99 supports flag -Wno-overlength-strings in envvar CFLAGS
configure:15165: /usr/bin/gcc -std=gnu99 -c -Werror -Wno-overlength-strings -I/home/ssbai/mini2440_buildroot/output/host/usr/include conftest.c >&5
configure:15165: $? = 0
configure:15174: result: yes
configure:15154: checking if /usr/bin/gcc -std=gnu99 supports flag -Wno-unused-parameter in envvar CFLAGS
configure:15165: /usr/bin/gcc -std=gnu99 -c -Werror -Wno-unused-parameter -I/home/ssbai/mini2440_buildroot/output/host/usr/include conftest.c >&5
configure:15165: $? = 0
configure:15174: result: yes
configure:15154: checking if /usr/bin/gcc -std=gnu99 supports flag -Wno-missing-field-initializers in envvar CFLAGS
configure:15165: /usr/bin/gcc -std=gnu99 -c -Werror -Wno-missing-field-initializers -I/home/ssbai/mini2440_buildroot/output/host/usr/include conftest.c >&5
configure:15165: $? = 0
configure:15174: result: yes
configure:15154: checking if /usr/bin/gcc -std=gnu99 supports flag -Wno-unused-result in envvar CFLAGS
configure:15165: /usr/bin/gcc -std=gnu99 -c -Werror -Wno-unused-result -I/home/ssbai/mini2440_buildroot/output/host/usr/include conftest.c >&5
configure:15165: $? = 0
configure:15174: result: yes
configure:15154: checking if /usr/bin/gcc -std=gnu99 supports flag -Wnested-externs in envvar CFLAGS
configure:15165: /usr/bin/gcc -std=gnu99 -c -Werror -Wnested-externs -I/home/ssbai/mini2440_buildroot/output/host/usr/include conftest.c >&5
configure:15165: $? = 0
configure:15174: result: yes
configure:15154: checking if /usr/bin/gcc -std=gnu99 supports flag -Wchar-subscripts in envvar CFLAGS
configure:15165: /usr/bin/gcc -std=gnu99 -c -Werror -Wchar-subscripts -I/home/ssbai/mini2440_buildroot/output/host/usr/include conftest.c >&5
configure:15165: $? = 0
configure:15174: result: yes
configure:15154: checking if /usr/bin/gcc -std=gnu99 supports flag -Wtype-limits in envvar CFLAGS
configure:15165: /usr/bin/gcc -std=gnu99 -c -Werror -Wtype-limits -I/home/ssbai/mini2440_buildroot/output/host/usr/include conftest.c >&5
configure:15165: $? = 0
configure:15174: result: yes
configure:15154: checking if /usr/bin/gcc -std=gnu99 supports flag -Wuninitialized in envvar CFLAGS
configure:15165: /usr/bin/gcc -std=gnu99 -c -Werror -Wuninitialized -I/home/ssbai/mini2440_buildroot/output/host/usr/include conftest.c >&5
configure:15165: $? = 0
configure:15174: result: yes
configure:15154: checking if /usr/bin/gcc -std=gnu99 supports flag -fno-common in envvar CFLAGS
configure:15165: /usr/bin/gcc -std=gnu99 -c -Werror -fno-common -I/home/ssbai/mini2440_buildroot/output/host/usr/include conftest.c >&5
configure:15165: $? = 0
configure:15174: result: yes
configure:15154: checking if /usr/bin/gcc -std=gnu99 supports flag -fdiagnostics-show-option in envvar CFLAGS
configure:15165: /usr/bin/gcc -std=gnu99 -c -Werror -fdiagnostics-show-option -I/home/ssbai/mini2440_buildroot/output/host/usr/include conftest.c >&5
configure:15165: $? = 0
configure:15174: result: yes
configure:15154: checking if /usr/bin/gcc -std=gnu99 supports flag -fdiagnostics-color=auto in envvar CFLAGS
configure:15165: /usr/bin/gcc -std=gnu99 -c -Werror -fdiagnostics-color=auto -I/home/ssbai/mini2440_buildroot/output/host/usr/include conftest.c >&5
gcc: error: unrecognized command line option '-fdiagnostics-color=auto'
configure:15165: $? = 1
configure: failed program was:
| /* confdefs.h */
| #define PACKAGE_NAME "kmod"
| #define PACKAGE_TARNAME "kmod"
| #define PACKAGE_VERSION "18"
| #define PACKAGE_STRING "kmod 18"
| #define PACKAGE_BUGREPORT "linux-modules@vger.kernel.org"
| #define PACKAGE_URL "http://git.kernel.org/?p=utils/kernel/kmod/kmod.git"
| #define PACKAGE "kmod"
| #define VERSION "18"
| #define STDC_HEADERS 1
| #define HAVE_SYS_TYPES_H 1
| #define HAVE_SYS_STAT_H 1
| #define HAVE_STDLIB_H 1
| #define HAVE_STRING_H 1
| #define HAVE_MEMORY_H 1
| #define HAVE_STRINGS_H 1
| #define HAVE_INTTYPES_H 1
| #define HAVE_STDINT_H 1
| #define HAVE_UNISTD_H 1
| #define __EXTENSIONS__ 1
| #define _ALL_SOURCE 1
| #define _GNU_SOURCE 1
| #define _POSIX_PTHREAD_SEMANTICS 1
| #define _TANDEM_SOURCE 1
| #define HAVE_DLFCN_H 1
| #define LT_OBJDIR ".libs/"
| #define HAVE___XSTAT 1
| #define HAVE_SECURE_GETENV 1
| #define HAVE_STRUCT_STAT_ST_MTIM 1
| #define HAVE_DECL_STRNDUPA 1
| #define HAVE_DECL_BE32TOH 1
| #define HAVE_STATIC_ASSERT 1
| #define ENABLE_LOGGING 1
| /* end confdefs.h.  */
| int a = 0; int main(void) { return a; }
configure:15174: result: no
configure:15154: checking if /usr/bin/gcc -std=gnu99 supports flag -fvisibility=hidden in envvar CFLAGS
configure:15165: /usr/bin/gcc -std=gnu99 -c -Werror -fvisibility=hidden -I/home/ssbai/mini2440_buildroot/output/host/usr/include conftest.c >&5
configure:15165: $? = 0
configure:15174: result: yes
configure:15154: checking if /usr/bin/gcc -std=gnu99 supports flag -ffunction-sections in envvar CFLAGS
configure:15165: /usr/bin/gcc -std=gnu99 -c -Werror -ffunction-sections -I/home/ssbai/mini2440_buildroot/output/host/usr/include conftest.c >&5
configure:15165: $? = 0
configure:15174: result: yes
configure:15154: checking if /usr/bin/gcc -std=gnu99 supports flag -fdata-sections in envvar CFLAGS
configure:15165: /usr/bin/gcc -std=gnu99 -c -Werror -fdata-sections -I/home/ssbai/mini2440_buildroot/output/host/usr/include conftest.c >&5
configure:15165: $? = 0
configure:15174: result: yes
configure:15192: checking if /usr/bin/gcc -std=gnu99 supports flag -Wl,--as-needed in envvar LDFLAGS
configure:15203: /usr/bin/gcc -std=gnu99 -c -O2 -I/home/ssbai/mini2440_buildroot/output/host/usr/include -I/home/ssbai/mini2440_buildroot/output/host/usr/include conftest.c >&5
configure:15203: $? = 0
configure:15212: result: yes
configure:15192: checking if /usr/bin/gcc -std=gnu99 supports flag -Wl,--gc-sections in envvar LDFLAGS
configure:15203: /usr/bin/gcc -std=gnu99 -c -O2 -I/home/ssbai/mini2440_buildroot/output/host/usr/include -I/home/ssbai/mini2440_buildroot/output/host/usr/include conftest.c >&5
configure:15203: $? = 0
configure:15212: result: yes
configure:15345: checking that generated files are newer than configure
configure:15351: result: done
configure:15419: creating ./config.status

## ---------------------- ##
## Running config.status. ##
## ---------------------- ##

This file was extended by kmod config.status 18, which was
generated by GNU Autoconf 2.69.  Invocation command line was

  CONFIG_FILES    = 
  CONFIG_HEADERS  = 
  CONFIG_LINKS    = 
  CONFIG_COMMANDS = 
  $ ./config.status 

on ssbai

config.status:1153: creating Makefile
config.status:1153: creating man/Makefile
config.status:1153: creating libkmod/docs/Makefile
config.status:1153: creating libkmod/docs/version.xml
config.status:1153: creating config.h
config.status:1382: executing depfiles commands
config.status:1382: executing libtool commands
configure:17643: WARNING: unrecognized options: --disable-doc, --disable-docs, --disable-documentation, --with-xmlto, --with-fop
configure:17670: result:
	kmod 18
	=======

	prefix:			/home/ssbai/mini2440_buildroot/output/host/usr
	sysconfdir:		/home/ssbai/mini2440_buildroot/output/host/etc
	libdir:			${exec_prefix}/lib
	rootlibdir:		${exec_prefix}/lib
	includedir:		${prefix}/include
	bindir:			${exec_prefix}/bin
	Bash completions dir:   ${datarootdir}/bash-completion/completions

	compiler:		/usr/bin/gcc -std=gnu99
	cflags:			 -pipe -DANOTHER_BRICK_IN_THE -Wall -W -Wextra -Wno-inline -Wvla -Wundef -Wformat=2 -Wlogical-op -Wsign-compare -Wformat-security -Wmissing-include-dirs -Wformat-nonliteral -Wold-style-definition -Wpointer-arith -Winit-self -Wdeclaration-after-statement -Wfloat-equal -Wmissing-prototypes -Wstrict-prototypes -Wredundant-decls -Wmissing-declarations -Wmissing-noreturn -Wshadow -Wendif-labels -Wstrict-aliasing=3 -Wwrite-strings -Wno-long-long -Wno-overlength-strings -Wno-unused-parameter -Wno-missing-field-initializers -Wno-unused-result -Wnested-externs -Wchar-subscripts -Wtype-limits -Wuninitialized -fno-common -fdiagnostics-show-option -fvisibility=hidden -ffunction-sections -fdata-sections -O2 -I/home/ssbai/mini2440_buildroot/output/host/usr/include
	ldflags:		 -Wl,--as-needed -Wl,--gc-sections -L/home/ssbai/mini2440_buildroot/output/host/lib -L/home/ssbai/mini2440_buildroot/output/host/usr/lib -Wl,-rpath,/home/ssbai/mini2440_buildroot/output/host/usr/lib

	tools:			yes
	python bindings:	no
	logging:		yes
	compression:		xz=no  zlib=no
	debug:			no
	doc:			no
	man:			no


## ---------------- ##
## Cache variables. ##
## ---------------- ##

ac_cv_build=x86_64-unknown-linux-gnu
ac_cv_c_bigendian=no
ac_cv_c_compiler_gnu=yes
ac_cv_env_CC_set=set
ac_cv_env_CC_value=/usr/bin/gcc
ac_cv_env_CFLAGS_set=set
ac_cv_env_CFLAGS_value='-O2 -I/home/ssbai/mini2440_buildroot/output/host/usr/include'
ac_cv_env_CPPFLAGS_set=set
ac_cv_env_CPPFLAGS_value=-I/home/ssbai/mini2440_buildroot/output/host/usr/include
ac_cv_env_CPP_set=set
ac_cv_env_CPP_value=/usr/bin/cpp
ac_cv_env_GTKDOC_DEPS_CFLAGS_set=
ac_cv_env_GTKDOC_DEPS_CFLAGS_value=
ac_cv_env_GTKDOC_DEPS_LIBS_set=
ac_cv_env_GTKDOC_DEPS_LIBS_value=
ac_cv_env_LDFLAGS_set=set
ac_cv_env_LDFLAGS_value='-L/home/ssbai/mini2440_buildroot/output/host/lib -L/home/ssbai/mini2440_buildroot/output/host/usr/lib -Wl,-rpath,/home/ssbai/mini2440_buildroot/output/host/usr/lib'
ac_cv_env_LIBS_set=
ac_cv_env_LIBS_value=
ac_cv_env_PKG_CONFIG_LIBDIR_set=set
ac_cv_env_PKG_CONFIG_LIBDIR_value=/home/ssbai/mini2440_buildroot/output/host/usr/lib/pkgconfig:/home/ssbai/mini2440_buildroot/output/host/usr/share/pkgconfig
ac_cv_env_PKG_CONFIG_PATH_set=
ac_cv_env_PKG_CONFIG_PATH_value=
ac_cv_env_PKG_CONFIG_set=set
ac_cv_env_PKG_CONFIG_value=/home/ssbai/mini2440_buildroot/output/host/usr/bin/pkg-config
ac_cv_env_PYTHON_CFLAGS_set=
ac_cv_env_PYTHON_CFLAGS_value=
ac_cv_env_PYTHON_LIBS_set=
ac_cv_env_PYTHON_LIBS_value=
ac_cv_env_PYTHON_set=
ac_cv_env_PYTHON_value=
ac_cv_env_build_alias_set=
ac_cv_env_build_alias_value=
ac_cv_env_host_alias_set=
ac_cv_env_host_alias_value=
ac_cv_env_liblzma_CFLAGS_set=
ac_cv_env_liblzma_CFLAGS_value=
ac_cv_env_liblzma_LIBS_set=
ac_cv_env_liblzma_LIBS_value=
ac_cv_env_target_alias_set=
ac_cv_env_target_alias_value=
ac_cv_env_zlib_CFLAGS_set=
ac_cv_env_zlib_CFLAGS_value=
ac_cv_env_zlib_LIBS_set=
ac_cv_env_zlib_LIBS_value=
ac_cv_func___secure_getenv=no
ac_cv_func___xstat=yes
ac_cv_func_finit_module=no
ac_cv_func_secure_getenv=yes
ac_cv_have_decl_be32toh=yes
ac_cv_have_decl_strndupa=yes
ac_cv_header_dlfcn_h=yes
ac_cv_header_inttypes_h=yes
ac_cv_header_linux_module_h=no
ac_cv_header_memory_h=yes
ac_cv_header_minix_config_h=no
ac_cv_header_stdc=yes
ac_cv_header_stdint_h=yes
ac_cv_header_stdlib_h=yes
ac_cv_header_string_h=yes
ac_cv_header_strings_h=yes
ac_cv_header_sys_stat_h=yes
ac_cv_header_sys_types_h=yes
ac_cv_header_unistd_h=yes
ac_cv_host=x86_64-unknown-linux-gnu
ac_cv_member_struct_stat_st_mtim=yes
ac_cv_objext=o
ac_cv_path_EGREP='/bin/grep -E'
ac_cv_path_FGREP='/bin/grep -F'
ac_cv_path_GREP=/bin/grep
ac_cv_path_SED=/bin/sed
ac_cv_path_install='/usr/bin/install -c'
ac_cv_path_mkdir=/bin/mkdir
ac_cv_prog_AWK=gawk
ac_cv_prog_CPP=/usr/bin/cpp
ac_cv_prog_ac_ct_CC=/usr/bin/gcc
ac_cv_prog_ac_ct_MANIFEST_TOOL=mt
ac_cv_prog_ac_ct_OBJDUMP=objdump
ac_cv_prog_ac_ct_RANLIB=/usr/bin/ranlib
ac_cv_prog_ac_ct_STRIP=strip
ac_cv_prog_cc_c89=
ac_cv_prog_cc_c99=-std=gnu99
ac_cv_prog_cc_g=yes
ac_cv_prog_cc_stdc=-std=gnu99
ac_cv_prog_gcc_traditional=no
ac_cv_prog_make_make_set=yes
ac_cv_safe_to_define___extensions__=yes
ac_cv_sys_file_offset_bits=no
ac_cv_sys_largefile_CC=no
am_cv_CC_dependencies_compiler_type=none
am_cv_make_support_nested_variables=yes
am_cv_prog_cc_c_o=yes
am_cv_prog_tar_pax=gnutar
cc_cv_CFLAGS__DANOTHER_BRICK_IN_THE=yes
cc_cv_CFLAGS__W=yes
cc_cv_CFLAGS__Wall=yes
cc_cv_CFLAGS__Wchar_subscripts=yes
cc_cv_CFLAGS__Wdeclaration_after_statement=yes
cc_cv_CFLAGS__Wendif_labels=yes
cc_cv_CFLAGS__Wextra=yes
cc_cv_CFLAGS__Wfloat_equal=yes
cc_cv_CFLAGS__Wformat_2=yes
cc_cv_CFLAGS__Wformat_nonliteral=yes
cc_cv_CFLAGS__Wformat_security=yes
cc_cv_CFLAGS__Winit_self=yes
cc_cv_CFLAGS__Wlogical_op=yes
cc_cv_CFLAGS__Wmissing_declarations=yes
cc_cv_CFLAGS__Wmissing_include_dirs=yes
cc_cv_CFLAGS__Wmissing_noreturn=yes
cc_cv_CFLAGS__Wmissing_prototypes=yes
cc_cv_CFLAGS__Wnested_externs=yes
cc_cv_CFLAGS__Wno_inline=yes
cc_cv_CFLAGS__Wno_long_long=yes
cc_cv_CFLAGS__Wno_missing_field_initializers=yes
cc_cv_CFLAGS__Wno_overlength_strings=yes
cc_cv_CFLAGS__Wno_unused_parameter=yes
cc_cv_CFLAGS__Wno_unused_result=yes
cc_cv_CFLAGS__Wold_style_definition=yes
cc_cv_CFLAGS__Wpointer_arith=yes
cc_cv_CFLAGS__Wredundant_decls=yes
cc_cv_CFLAGS__Wshadow=yes
cc_cv_CFLAGS__Wsign_compare=yes
cc_cv_CFLAGS__Wstrict_aliasing_3=yes
cc_cv_CFLAGS__Wstrict_prototypes=yes
cc_cv_CFLAGS__Wtype_limits=yes
cc_cv_CFLAGS__Wundef=yes
cc_cv_CFLAGS__Wuninitialized=yes
cc_cv_CFLAGS__Wvla=yes
cc_cv_CFLAGS__Wwrite_strings=yes
cc_cv_CFLAGS__fdata_sections=yes
cc_cv_CFLAGS__fdiagnostics_color_auto=no
cc_cv_CFLAGS__fdiagnostics_show_option=yes
cc_cv_CFLAGS__ffunction_sections=yes
cc_cv_CFLAGS__fno_common=yes
cc_cv_CFLAGS__fvisibility_hidden=yes
cc_cv_CFLAGS__pipe=yes
cc_cv_LDFLAGS__Wl___as_needed=yes
cc_cv_LDFLAGS__Wl___gc_sections=yes
lt_cv_ar_at_file=@
lt_cv_archive_cmds_need_lc=no
lt_cv_deplibs_check_method=pass_all
lt_cv_file_magic_cmd='$MAGIC_CMD'
lt_cv_file_magic_test_file=
lt_cv_ld_reload_flag=-r
lt_cv_nm_interface='BSD nm'
lt_cv_objdir=.libs
lt_cv_path_LD=/usr/bin/ld
lt_cv_path_NM=/usr/bin/nm
lt_cv_path_mainfest_tool=no
lt_cv_prog_compiler_c_o=yes
lt_cv_prog_compiler_pic='-fPIC -DPIC'
lt_cv_prog_compiler_pic_works=yes
lt_cv_prog_compiler_rtti_exceptions=no
lt_cv_prog_compiler_static_works=yes
lt_cv_prog_gnu_ld=yes
lt_cv_sharedlib_from_linklib_cmd='printf %s\n'
lt_cv_shlibpath_overrides_runpath=no
lt_cv_sys_global_symbol_pipe='sed -n -e '\''s/^.*[	 ]\([ABCDGIRSTW][ABCDGIRSTW]*\)[	 ][	 ]*\([_A-Za-z][_A-Za-z0-9]*\)$/\1 \2 \2/p'\'' | sed '\''/ __gnu_lto/d'\'''
lt_cv_sys_global_symbol_to_c_name_address='sed -n -e '\''s/^: \([^ ]*\)[ ]*$/  {\"\1\", (void *) 0},/p'\'' -e '\''s/^[ABCDGIRSTW]* \([^ ]*\) \([^ ]*\)$/  {"\2", (void *) \&\2},/p'\'''
lt_cv_sys_global_symbol_to_c_name_address_lib_prefix='sed -n -e '\''s/^: \([^ ]*\)[ ]*$/  {\"\1\", (void *) 0},/p'\'' -e '\''s/^[ABCDGIRSTW]* \([^ ]*\) \(lib[^ ]*\)$/  {"\2", (void *) \&\2},/p'\'' -e '\''s/^[ABCDGIRSTW]* \([^ ]*\) \([^ ]*\)$/  {"lib\2", (void *) \&\2},/p'\'''
lt_cv_sys_global_symbol_to_cdecl='sed -n -e '\''s/^T .* \(.*\)$/extern int \1();/p'\'' -e '\''s/^[ABCDGIRSTW]* .* \(.*\)$/extern char \1;/p'\'''
lt_cv_sys_max_cmd_len=3458764513820540925
lt_cv_to_host_file_cmd=func_convert_file_noop
lt_cv_to_tool_file_cmd=func_convert_file_noop

## ----------------- ##
## Output variables. ##
## ----------------- ##

ACLOCAL='${SHELL} /home/ssbai/mini2440_buildroot/output/build/host-kmod-18/build-aux/missing aclocal-1.14'
AMDEPBACKSLASH=''
AMDEP_FALSE=''
AMDEP_TRUE='#'
AMTAR='$${TAR-tar}'
AM_BACKSLASH='\'
AM_DEFAULT_V='$(AM_DEFAULT_VERBOSITY)'
AM_DEFAULT_VERBOSITY='0'
AM_V='$(V)'
AR='/usr/bin/ar'
AUTOCONF='${SHELL} /home/ssbai/mini2440_buildroot/output/build/host-kmod-18/build-aux/missing autoconf'
AUTOHEADER='${SHELL} /home/ssbai/mini2440_buildroot/output/build/host-kmod-18/build-aux/missing autoheader'
AUTOMAKE='${SHELL} /home/ssbai/mini2440_buildroot/output/build/host-kmod-18/build-aux/missing automake-1.14'
AWK='gawk'
BUILD_MANPAGES_FALSE=''
BUILD_MANPAGES_TRUE='#'
BUILD_PYTHON_FALSE=''
BUILD_PYTHON_TRUE='#'
BUILD_TOOLS_FALSE='#'
BUILD_TOOLS_TRUE=''
CC='/usr/bin/gcc -std=gnu99'
CCDEPMODE='depmode=none'
CFLAGS='-O2 -I/home/ssbai/mini2440_buildroot/output/host/usr/include'
CPP='/usr/bin/cpp'
CPPFLAGS='-I/home/ssbai/mini2440_buildroot/output/host/usr/include'
CYGPATH_W='echo'
CYTHON=''
DEFS='-DHAVE_CONFIG_H'
DEPDIR='.deps'
DLLTOOL='false'
DSYMUTIL=''
DUMPBIN=''
ECHO_C=''
ECHO_N='-n'
ECHO_T=''
EGREP='/bin/grep -E'
ENABLE_GTK_DOC_FALSE=''
ENABLE_GTK_DOC_TRUE='#'
EXEEXT=''
FGREP='/bin/grep -F'
GCLDFLAGS=' -Wl,--as-needed -Wl,--gc-sections'
GREP='/bin/grep'
GTKDOC_CHECK=''
GTKDOC_CHECK_PATH=''
GTKDOC_DEPS_CFLAGS=''
GTKDOC_DEPS_LIBS=''
GTKDOC_MKPDF=''
GTKDOC_REBASE='true'
GTK_DOC_BUILD_HTML_FALSE='#'
GTK_DOC_BUILD_HTML_TRUE=''
GTK_DOC_BUILD_PDF_FALSE=''
GTK_DOC_BUILD_PDF_TRUE='#'
GTK_DOC_USE_LIBTOOL_FALSE='#'
GTK_DOC_USE_LIBTOOL_TRUE=''
GTK_DOC_USE_REBASE_FALSE='#'
GTK_DOC_USE_REBASE_TRUE=''
HAVE_GTK_DOC_FALSE=''
HAVE_GTK_DOC_TRUE='#'
HTML_DIR='${datadir}/gtk-doc/html'
INSTALL_DATA='${INSTALL} -m 644'
INSTALL_PROGRAM='${INSTALL}'
INSTALL_SCRIPT='${INSTALL}'
INSTALL_STRIP_PROGRAM='$(install_sh) -c -s'
LD='/usr/bin/ld -m elf_x86_64'
LDFLAGS='-L/home/ssbai/mini2440_buildroot/output/host/lib -L/home/ssbai/mini2440_buildroot/output/host/usr/lib -Wl,-rpath,/home/ssbai/mini2440_buildroot/output/host/usr/lib'
LIBOBJS=''
LIBS=''
LIBTOOL='$(SHELL) $(top_builddir)/libtool'
LIPO=''
LN_S='ln -s'
LTLIBOBJS=''
MAINT=''
MAINTAINER_MODE_FALSE='#'
MAINTAINER_MODE_TRUE=''
MAKEINFO='${SHELL} /home/ssbai/mini2440_buildroot/output/build/host-kmod-18/build-aux/missing makeinfo'
MANIFEST_TOOL=':'
MKDIR_P='/bin/mkdir -p'
NM='/usr/bin/nm'
NMEDIT=''
OBJDUMP='objdump'
OBJEXT='o'
OTOOL64=''
OTOOL=''
PACKAGE='kmod'
PACKAGE_BUGREPORT='linux-modules@vger.kernel.org'
PACKAGE_NAME='kmod'
PACKAGE_STRING='kmod 18'
PACKAGE_TARNAME='kmod'
PACKAGE_URL='http://git.kernel.org/?p=utils/kernel/kmod/kmod.git'
PACKAGE_VERSION='18'
PATH_SEPARATOR=':'
PKG_CONFIG='/home/ssbai/mini2440_buildroot/output/host/usr/bin/pkg-config'
PKG_CONFIG_LIBDIR='/home/ssbai/mini2440_buildroot/output/host/usr/lib/pkgconfig:/home/ssbai/mini2440_buildroot/output/host/usr/share/pkgconfig'
PKG_CONFIG_PATH=''
PYTHON=''
PYTHON_CFLAGS=''
PYTHON_EXEC_PREFIX=''
PYTHON_LIBS=''
PYTHON_PLATFORM=''
PYTHON_PREFIX=''
PYTHON_VERSION=''
RANLIB='/usr/bin/ranlib'
SED='/bin/sed'
SET_MAKE=''
SHELL='/bin/bash'
STRIP='strip'
VERSION='18'
WARNINGFLAGS=' -pipe -DANOTHER_BRICK_IN_THE -Wall -W -Wextra -Wno-inline -Wvla -Wundef -Wformat=2 -Wlogical-op -Wsign-compare -Wformat-security -Wmissing-include-dirs -Wformat-nonliteral -Wold-style-definition -Wpointer-arith -Winit-self -Wdeclaration-after-statement -Wfloat-equal -Wmissing-prototypes -Wstrict-prototypes -Wredundant-decls -Wmissing-declarations -Wmissing-noreturn -Wshadow -Wendif-labels -Wstrict-aliasing=3 -Wwrite-strings -Wno-long-long -Wno-overlength-strings -Wno-unused-parameter -Wno-missing-field-initializers -Wno-unused-result -Wnested-externs -Wchar-subscripts -Wtype-limits -Wuninitialized -fno-common -fdiagnostics-show-option -fvisibility=hidden -ffunction-sections -fdata-sections'
XSLTPROC=''
ac_ct_AR=''
ac_ct_CC='/usr/bin/gcc'
ac_ct_DUMPBIN=''
am__EXEEXT_FALSE=''
am__EXEEXT_TRUE='#'
am__fastdepCC_FALSE=''
am__fastdepCC_TRUE='#'
am__include='include'
am__isrc=''
am__leading_dot='.'
am__nodep=''
am__quote=''
am__tar='tar --format=posix -chf - "$$tardir"'
am__untar='tar -xf -'
bashcompletiondir='${datarootdir}/bash-completion/completions'
bindir='${exec_prefix}/bin'
build='x86_64-unknown-linux-gnu'
build_alias=''
build_cpu='x86_64'
build_os='linux-gnu'
build_vendor='unknown'
datadir='${datarootdir}'
datarootdir='${prefix}/share'
docdir='${datarootdir}/doc/${PACKAGE_TARNAME}'
dvidir='${docdir}'
exec_prefix='${prefix}'
host='x86_64-unknown-linux-gnu'
host_alias=''
host_cpu='x86_64'
host_os='linux-gnu'
host_vendor='unknown'
htmldir='${docdir}'
includedir='${prefix}/include'
infodir='${datarootdir}/info'
install_sh='${SHELL} /home/ssbai/mini2440_buildroot/output/build/host-kmod-18/build-aux/install-sh'
libdir='${exec_prefix}/lib'
libexecdir='${exec_prefix}/libexec'
liblzma_CFLAGS=''
liblzma_LIBS=''
localedir='${datarootdir}/locale'
localstatedir='/home/ssbai/mini2440_buildroot/output/host/var'
mandir='${datarootdir}/man'
mkdir_p='$(MKDIR_P)'
oldincludedir='/usr/include'
pdfdir='${docdir}'
pkgpyexecdir=''
pkgpythondir=''
prefix='/home/ssbai/mini2440_buildroot/output/host/usr'
program_transform_name='s,x,x,'
psdir='${docdir}'
pyexecdir=''
pythondir=''
rootlibdir='${exec_prefix}/lib'
sbindir='${exec_prefix}/sbin'
sharedstatedir='${prefix}/com'
sysconfdir='/home/ssbai/mini2440_buildroot/output/host/etc'
target_alias=''
zlib_CFLAGS=''
zlib_LIBS=''

## ----------- ##
## confdefs.h. ##
## ----------- ##

/* confdefs.h */
#define PACKAGE_NAME "kmod"
#define PACKAGE_TARNAME "kmod"
#define PACKAGE_VERSION "18"
#define PACKAGE_STRING "kmod 18"
#define PACKAGE_BUGREPORT "linux-modules@vger.kernel.org"
#define PACKAGE_URL "http://git.kernel.org/?p=utils/kernel/kmod/kmod.git"
#define PACKAGE "kmod"
#define VERSION "18"
#define STDC_HEADERS 1
#define HAVE_SYS_TYPES_H 1
#define HAVE_SYS_STAT_H 1
#define HAVE_STDLIB_H 1
#define HAVE_STRING_H 1
#define HAVE_MEMORY_H 1
#define HAVE_STRINGS_H 1
#define HAVE_INTTYPES_H 1
#define HAVE_STDINT_H 1
#define HAVE_UNISTD_H 1
#define __EXTENSIONS__ 1
#define _ALL_SOURCE 1
#define _GNU_SOURCE 1
#define _POSIX_PTHREAD_SEMANTICS 1
#define _TANDEM_SOURCE 1
#define HAVE_DLFCN_H 1
#define LT_OBJDIR ".libs/"
#define HAVE___XSTAT 1
#define HAVE_SECURE_GETENV 1
#define HAVE_STRUCT_STAT_ST_MTIM 1
#define HAVE_DECL_STRNDUPA 1
#define HAVE_DECL_BE32TOH 1
#define HAVE_STATIC_ASSERT 1
#define ENABLE_LOGGING 1

configure: exit 0
